0 verbose cli /usr/local/bin/node /usr/local/bin/npm
1 info using npm@10.9.3
2 info using node@v22.20.0
3 silly config load:file:/usr/local/lib/node_modules/npm/npmrc
4 silly config load:file:/Users/joydeep/Desktop/Projects/Website/penningjoy.github.io/.npmrc
5 silly config load:file:/Users/joydeep/.npmrc
6 silly config load:file:/Users/joydeep/.npm-global/etc/npmrc
7 verbose title npm ci
8 verbose argv "--cache" ".npm-cache" "ci"
9 verbose logfile logs-max:10 dir:/Users/joydeep/Desktop/Projects/Website/penningjoy.github.io/.npm-cache/_logs/2026-06-28T19_00_53_192Z-
10 verbose logfile /Users/joydeep/Desktop/Projects/Website/penningjoy.github.io/.npm-cache/_logs/2026-06-28T19_00_53_192Z-debug-0.log
11 silly logfile done cleaning log files
12 silly packumentCache heap:4345298944 maxSize:1086324736 maxEntrySize:543162368
13 http fetch GET https://registry.npmjs.org/npm attempt 1 failed with ENOTFOUND
14 silly idealTree buildDeps
15 silly reify moves {}
16 silly audit bulk request {
16 silly audit   '@astrojs/compiler-binding': [ '0.2.3' ],
16 silly audit   '@astrojs/compiler-binding-darwin-arm64': [ '0.2.3' ],
16 silly audit   '@astrojs/compiler-binding-darwin-x64': [ '0.2.3' ],
16 silly audit   '@astrojs/compiler-binding-linux-arm64-gnu': [ '0.2.3' ],
16 silly audit   '@astrojs/compiler-binding-linux-arm64-musl': [ '0.2.3' ],
16 silly audit   '@astrojs/compiler-binding-linux-x64-gnu': [ '0.2.3' ],
16 silly audit   '@astrojs/compiler-binding-linux-x64-musl': [ '0.2.3' ],
16 silly audit   '@astrojs/compiler-binding-wasm32-wasi': [ '0.2.3' ],
16 silly audit   '@astrojs/compiler-binding-win32-arm64-msvc': [ '0.2.3' ],
16 silly audit   '@astrojs/compiler-binding-win32-x64-msvc': [ '0.2.3' ],
16 silly audit   '@astrojs/compiler-rs': [ '0.2.3' ],
16 silly audit   '@astrojs/internal-helpers': [ '0.10.0' ],
16 silly audit   '@astrojs/markdown-satteri': [ '0.3.2' ],
16 silly audit   '@astrojs/prism': [ '4.0.2' ],
16 silly audit   '@astrojs/telemetry': [ '3.3.2' ],
16 silly audit   '@babel/helper-string-parser': [ '7.29.7' ],
16 silly audit   '@babel/helper-validator-identifier': [ '7.29.7' ],
16 silly audit   '@babel/parser': [ '7.29.7' ],
16 silly audit   '@babel/types': [ '7.29.7' ],
16 silly audit   '@bruits/satteri-darwin-arm64': [ '0.9.3' ],
16 silly audit   '@bruits/satteri-darwin-x64': [ '0.9.3' ],
16 silly audit   '@bruits/satteri-linux-arm64-gnu': [ '0.9.3' ],
16 silly audit   '@bruits/satteri-linux-arm64-musl': [ '0.9.3' ],
16 silly audit   '@bruits/satteri-linux-x64-gnu': [ '0.9.3' ],
16 silly audit   '@bruits/satteri-linux-x64-musl': [ '0.9.3' ],
16 silly audit   '@bruits/satteri-wasm32-wasi': [ '0.9.3' ],
16 silly audit   '@bruits/satteri-win32-arm64-msvc': [ '0.9.3' ],
16 silly audit   '@bruits/satteri-win32-x64-msvc': [ '0.9.3' ],
16 silly audit   '@capsizecss/unpack': [ '4.0.1' ],
16 silly audit   '@clack/core': [ '1.4.2' ],
16 silly audit   '@clack/prompts': [ '1.6.0' ],
16 silly audit   '@emnapi/core': [ '1.11.1' ],
16 silly audit   '@emnapi/runtime': [ '1.11.1' ],
16 silly audit   '@emnapi/wasi-threads': [ '1.2.2' ],
16 silly audit   '@esbuild/aix-ppc64': [ '0.28.1' ],
16 silly audit   '@esbuild/android-arm': [ '0.28.1' ],
16 silly audit   '@esbuild/android-arm64': [ '0.28.1' ],
16 silly audit   '@esbuild/android-x64': [ '0.28.1' ],
16 silly audit   '@esbuild/darwin-arm64': [ '0.28.1' ],
16 silly audit   '@esbuild/darwin-x64': [ '0.28.1' ],
16 silly audit   '@esbuild/freebsd-arm64': [ '0.28.1' ],
16 silly audit   '@esbuild/freebsd-x64': [ '0.28.1' ],
16 silly audit   '@esbuild/linux-arm': [ '0.28.1' ],
16 silly audit   '@esbuild/linux-arm64': [ '0.28.1' ],
16 silly audit   '@esbuild/linux-ia32': [ '0.28.1' ],
16 silly audit   '@esbuild/linux-loong64': [ '0.28.1' ],
16 silly audit   '@esbuild/linux-mips64el': [ '0.28.1' ],
16 silly audit   '@esbuild/linux-ppc64': [ '0.28.1' ],
16 silly audit   '@esbuild/linux-riscv64': [ '0.28.1' ],
16 silly audit   '@esbuild/linux-s390x': [ '0.28.1' ],
16 silly audit   '@esbuild/linux-x64': [ '0.28.1' ],
16 silly audit   '@esbuild/netbsd-arm64': [ '0.28.1' ],
16 silly audit   '@esbuild/netbsd-x64': [ '0.28.1' ],
16 silly audit   '@esbuild/openbsd-arm64': [ '0.28.1' ],
16 silly audit   '@esbuild/openbsd-x64': [ '0.28.1' ],
16 silly audit   '@esbuild/openharmony-arm64': [ '0.28.1' ],
16 silly audit   '@esbuild/sunos-x64': [ '0.28.1' ],
16 silly audit   '@esbuild/win32-arm64': [ '0.28.1' ],
16 silly audit   '@esbuild/win32-ia32': [ '0.28.1' ],
16 silly audit   '@esbuild/win32-x64': [ '0.28.1' ],
16 silly audit   '@img/colour': [ '1.1.0' ],
16 silly audit   '@img/sharp-darwin-arm64': [ '0.34.5' ],
16 silly audit   '@img/sharp-darwin-x64': [ '0.34.5' ],
16 silly audit   '@img/sharp-libvips-darwin-arm64': [ '1.2.4' ],
16 silly audit   '@img/sharp-libvips-darwin-x64': [ '1.2.4' ],
16 silly audit   '@img/sharp-libvips-linux-arm': [ '1.2.4' ],
16 silly audit   '@img/sharp-libvips-linux-arm64': [ '1.2.4' ],
16 silly audit   '@img/sharp-libvips-linux-ppc64': [ '1.2.4' ],
16 silly audit   '@img/sharp-libvips-linux-riscv64': [ '1.2.4' ],
16 silly audit   '@img/sharp-libvips-linux-s390x': [ '1.2.4' ],
16 silly audit   '@img/sharp-libvips-linux-x64': [ '1.2.4' ],
16 silly audit   '@img/sharp-libvips-linuxmusl-arm64': [ '1.2.4' ],
16 silly audit   '@img/sharp-libvips-linuxmusl-x64': [ '1.2.4' ],
16 silly audit   '@img/sharp-linux-arm': [ '0.34.5' ],
16 silly audit   '@img/sharp-linux-arm64': [ '0.34.5' ],
16 silly audit   '@img/sharp-linux-ppc64': [ '0.34.5' ],
16 silly audit   '@img/sharp-linux-riscv64': [ '0.34.5' ],
16 silly audit   '@img/sharp-linux-s390x': [ '0.34.5' ],
16 silly audit   '@img/sharp-linux-x64': [ '0.34.5' ],
16 silly audit   '@img/sharp-linuxmusl-arm64': [ '0.34.5' ],
16 silly audit   '@img/sharp-linuxmusl-x64': [ '0.34.5' ],
16 silly audit   '@img/sharp-wasm32': [ '0.34.5' ],
16 silly audit   '@img/sharp-win32-arm64': [ '0.34.5' ],
16 silly audit   '@img/sharp-win32-ia32': [ '0.34.5' ],
16 silly audit   '@img/sharp-win32-x64': [ '0.34.5' ],
16 silly audit   '@jridgewell/sourcemap-codec': [ '1.5.5' ],
16 silly audit   '@napi-rs/wasm-runtime': [ '1.1.6' ],
16 silly audit   '@oslojs/encoding': [ '1.1.0' ],
16 silly audit   '@oxc-project/types': [ '0.137.0' ],
16 silly audit   '@rolldown/binding-android-arm64': [ '1.1.3' ],
16 silly audit   '@rolldown/binding-darwin-arm64': [ '1.1.3' ],
16 silly audit   '@rolldown/binding-darwin-x64': [ '1.1.3' ],
16 silly audit   '@rolldown/binding-freebsd-x64': [ '1.1.3' ],
16 silly audit   '@rolldown/binding-linux-arm-gnueabihf': [ '1.1.3' ],
16 silly audit   '@rolldown/binding-linux-arm64-gnu': [ '1.1.3' ],
16 silly audit   '@rolldown/binding-linux-arm64-musl': [ '1.1.3' ],
16 silly audit   '@rolldown/binding-linux-ppc64-gnu': [ '1.1.3' ],
16 silly audit   '@rolldown/binding-linux-s390x-gnu': [ '1.1.3' ],
16 silly audit   '@rolldown/binding-linux-x64-gnu': [ '1.1.3' ],
16 silly audit   '@rolldown/binding-linux-x64-musl': [ '1.1.3' ],
16 silly audit   '@rolldown/binding-openharmony-arm64': [ '1.1.3' ],
16 silly audit   '@rolldown/binding-wasm32-wasi': [ '1.1.3' ],
16 silly audit   '@rolldown/binding-win32-arm64-msvc': [ '1.1.3' ],
16 silly audit   '@rolldown/binding-win32-x64-msvc': [ '1.1.3' ],
16 silly audit   '@rolldown/pluginutils': [ '1.0.1' ],
16 silly audit   '@rollup/pluginutils': [ '5.4.0' ],
16 silly audit   'estree-walker': [ '2.0.2' ],
16 silly audit   '@shikijs/core': [ '4.3.0' ],
16 silly audit   '@shikijs/engine-javascript': [ '4.3.0' ],
16 silly audit   '@shikijs/engine-oniguruma': [ '4.3.0' ],
16 silly audit   '@shikijs/langs': [ '4.3.0' ],
16 silly audit   '@shikijs/primitive': [ '4.3.0' ],
16 silly audit   '@shikijs/themes': [ '4.3.0' ],
16 silly audit   '@shikijs/types': [ '4.3.0' ],
16 silly audit   '@shikijs/vscode-textmate': [ '10.0.2' ],
16 silly audit   '@tybys/wasm-util': [ '0.10.3' ],
16 silly audit   '@types/estree': [ '1.0.9' ],
16 silly audit   '@types/estree-jsx': [ '1.0.5' ],
16 silly audit   '@types/hast': [ '3.0.4' ],
16 silly audit   '@types/mdast': [ '4.0.4' ],
16 silly audit   '@types/nlcst': [ '2.0.3' ],
16 silly audit   '@types/unist': [ '3.0.3' ],
16 silly audit   '@ungap/structured-clone': [ '1.3.2' ],
16 silly audit   'am-i-vibing': [ '0.4.0' ],
16 silly audit   anymatch: [ '3.1.3' ],
16 silly audit   picomatch: [ '2.3.2', '4.0.4' ],
16 silly audit   argparse: [ '2.0.1' ],
16 silly audit   'aria-query': [ '5.3.2' ],
16 silly audit   astro: [ '7.0.3' ],
16 silly audit   'axobject-query': [ '4.1.0' ],
16 silly audit   bail: [ '2.0.2' ],
16 silly audit   boolbase: [ '1.0.0' ],
16 silly audit   ccount: [ '2.0.1' ],
16 silly audit   'character-entities-html4': [ '2.1.0' ],
16 silly audit   'character-entities-legacy': [ '3.0.0' ],
16 silly audit   chokidar: [ '5.0.0' ],
16 silly audit   'ci-info': [ '4.4.0' ],
16 silly audit   clsx: [ '2.1.1' ],
16 silly audit   'comma-separated-tokens': [ '2.0.3' ],
16 silly audit   commander: [ '11.1.0' ],
16 silly audit   'common-ancestor-path': [ '2.0.0' ],
16 silly audit   cookie: [ '1.1.1' ],
16 silly audit   'cookie-es': [ '1.2.3' ],
16 silly audit   crossws: [ '0.3.5' ],
16 silly audit   'css-select': [ '5.2.2' ],
16 silly audit   'css-tree': [ '3.2.1', '2.2.1' ],
16 silly audit   'css-what': [ '6.2.2' ],
16 silly audit   csso: [ '5.0.5' ],
16 silly audit   'mdn-data': [ '2.0.28', '2.27.1' ],
16 silly audit   defu: [ '6.1.7' ],
16 silly audit   dequal: [ '2.0.3' ],
16 silly audit   destr: [ '2.0.5' ],
16 silly audit   'detect-libc': [ '2.1.2' ],
16 silly audit   devalue: [ '5.8.1' ],
16 silly audit   devlop: [ '1.1.0' ],
16 silly audit   diff: [ '8.0.4' ],
16 silly audit   'dom-serializer': [ '2.0.0' ],
16 silly audit   entities: [ '4.5.0', '6.0.1' ],
16 silly audit   domelementtype: [ '2.3.0' ],
16 silly audit   domhandler: [ '5.0.3' ],
16 silly audit   domutils: [ '3.2.2' ],
16 silly audit   dset: [ '3.1.4' ],
16 silly audit   'es-module-lexer': [ '2.1.0' ],
16 silly audit   esbuild: [ '0.28.1' ],
16 silly audit   eventemitter3: [ '5.0.4' ],
16 silly audit   extend: [ '3.0.2' ],
16 silly audit   'fast-string-truncated-width': [ '3.0.3' ],
16 silly audit   'fast-string-width': [ '3.0.2' ],
16 silly audit   'fast-wrap-ansi': [ '0.2.2' ],
16 silly audit   fdir: [ '6.5.0' ],
16 silly audit   flattie: [ '1.1.1' ],
16 silly audit   fontace: [ '0.4.1' ],
16 silly audit   fontkitten: [ '1.0.3' ],
16 silly audit   fsevents: [ '2.3.3' ],
16 silly audit   'get-tsconfig': [ '5.0.0-beta.4' ],
16 silly audit   'github-slugger': [ '2.0.0' ],
16 silly audit   h3: [ '1.15.11' ],
16 silly audit   'hast-util-from-html': [ '2.0.3' ],
16 silly audit   'hast-util-from-parse5': [ '8.0.3' ],
16 silly audit   'hast-util-parse-selector': [ '4.0.0' ],
16 silly audit   'hast-util-to-html': [ '9.0.5' ],
16 silly audit   'hast-util-whitespace': [ '3.0.0' ],
16 silly audit   hastscript: [ '9.0.1' ],
16 silly audit   'html-escaper': [ '3.0.3' ],
16 silly audit   'html-void-elements': [ '3.0.0' ],
16 silly audit   'http-cache-semantics': [ '4.2.0' ],
16 silly audit   'iron-webcrypto': [ '1.2.1' ],
16 silly audit   'is-docker': [ '4.0.0', '3.0.0' ],
16 silly audit   'is-inside-container': [ '1.0.0' ],
16 silly audit   'is-plain-obj': [ '4.1.0' ],
16 silly audit   'is-wsl': [ '3.1.1' ],
16 silly audit   'js-yaml': [ '4.3.0' ],
16 silly audit   'jsonc-parser': [ '3.3.1' ],
16 silly audit   lightningcss: [ '1.32.0' ],
16 silly audit   'lightningcss-android-arm64': [ '1.32.0' ],
16 silly audit   'lightningcss-darwin-arm64': [ '1.32.0' ],
16 silly audit   'lightningcss-darwin-x64': [ '1.32.0' ],
16 silly audit   'lightningcss-freebsd-x64': [ '1.32.0' ],
16 silly audit   'lightningcss-linux-arm-gnueabihf': [ '1.32.0' ],
16 silly audit   'lightningcss-linux-arm64-gnu': [ '1.32.0' ],
16 silly audit   'lightningcss-linux-arm64-musl': [ '1.32.0' ],
16 silly audit   'lightningcss-linux-x64-gnu': [ '1.32.0' ],
16 silly audit   'lightningcss-linux-x64-musl': [ '1.32.0' ],
16 silly audit   'lightningcss-win32-arm64-msvc': [ '1.32.0' ],
16 silly audit   'lightningcss-win32-x64-msvc': [ '1.32.0' ],
16 silly audit   'lru-cache': [ '11.5.1' ],
16 silly audit   'magic-string': [ '0.30.21' ],
16 silly audit   magicast: [ '0.5.3' ],
16 silly audit   'mdast-util-to-hast': [ '13.2.1' ],
16 silly audit   'micromark-util-character': [ '2.1.1' ],
16 silly audit   'micromark-util-encode': [ '2.0.1' ],
16 silly audit   'micromark-util-sanitize-uri': [ '2.0.1' ],
16 silly audit   'micromark-util-symbol': [ '2.0.1' ],
16 silly audit   'micromark-util-types': [ '2.0.2' ],
16 silly audit   mrmime: [ '2.0.1' ],
16 silly audit   nanoid: [ '3.3.15' ],
16 silly audit   neotraverse: [ '0.6.18' ],
16 silly audit   'nlcst-to-string': [ '4.0.0' ],
16 silly audit   'node-fetch-native': [ '1.6.7' ],
16 silly audit   'node-mock-http': [ '1.0.4' ],
16 silly audit   'normalize-path': [ '3.0.0' ],
16 silly audit   'nth-check': [ '2.1.1' ],
16 silly audit   obug: [ '2.1.3' ],
16 silly audit   ofetch: [ '1.5.1' ],
16 silly audit   ohash: [ '2.0.11' ],
16 silly audit   'oniguruma-parser': [ '0.12.2' ],
16 silly audit   'oniguruma-to-es': [ '4.3.6' ],
16 silly audit   'p-limit': [ '7.3.0' ],
16 silly audit   'p-queue': [ '9.3.0' ],
16 silly audit   'p-timeout': [ '7.0.1' ],
16 silly audit   'package-manager-detector': [ '1.6.0' ],
16 silly audit   parse5: [ '7.3.0' ],
16 silly audit   piccolore: [ '0.1.3' ],
16 silly audit   picocolors: [ '1.1.1' ],
16 silly audit   postcss: [ '8.5.16' ],
16 silly audit   prismjs: [ '1.30.0' ],
16 silly audit   'process-ancestry': [ '0.1.0' ],
16 silly audit   'property-information': [ '7.2.0' ],
16 silly audit   radix3: [ '1.1.2' ],
16 silly audit   readdirp: [ '5.0.0' ],
16 silly audit   regex: [ '6.1.0' ],
16 silly audit   'regex-recursion': [ '6.0.2' ],
16 silly audit   'regex-utilities': [ '2.3.0' ],
16 silly audit   rehype: [ '13.0.2' ],
16 silly audit   'rehype-parse': [ '9.0.1' ],
16 silly audit   'rehype-stringify': [ '10.0.1' ],
16 silly audit   'resolve-pkg-maps': [ '1.0.0' ],
16 silly audit   'retext-smartypants': [ '6.2.0' ],
16 silly audit   rolldown: [ '1.1.3' ],
16 silly audit   satteri: [ '0.9.3' ],
16 silly audit   sax: [ '1.6.0' ],
16 silly audit   semver: [ '7.8.5' ],
16 silly audit   sharp: [ '0.34.5' ],
16 silly audit   shiki: [ '4.3.0' ],
16 silly audit   sisteransi: [ '1.0.5' ],
16 silly audit   'smol-toml': [ '1.7.0' ],
16 silly audit   'source-map-js': [ '1.2.1' ],
16 silly audit   'space-separated-tokens': [ '2.0.2' ],
16 silly audit   'stringify-entities': [ '4.0.4' ],
16 silly audit   svgo: [ '4.0.1' ],
16 silly audit   'tiny-inflate': [ '1.0.3' ],
16 silly audit   tinyclip: [ '0.1.15' ],
16 silly audit   tinyexec: [ '1.2.4' ],
16 silly audit   tinyglobby: [ '0.2.17' ],
16 silly audit   'trim-lines': [ '3.0.1' ],
16 silly audit   trough: [ '2.2.0' ],
16 silly audit   tslib: [ '2.8.1' ],
16 silly audit   ufo: [ '1.6.4' ],
16 silly audit   ultrahtml: [ '1.6.0' ],
16 silly audit   uncrypto: [ '0.1.3' ],
16 silly audit   unified: [ '11.0.5' ],
16 silly audit   unifont: [ '0.7.4' ],
16 silly audit   'unist-util-is': [ '6.0.1' ],
16 silly audit   'unist-util-position': [ '5.0.0' ],
16 silly audit   'unist-util-stringify-position': [ '4.0.0' ],
16 silly audit   'unist-util-visit': [ '5.1.0' ],
16 silly audit   'unist-util-visit-parents': [ '6.0.2' ],
16 silly audit   unstorage: [ '1.17.5' ],
16 silly audit   vfile: [ '6.0.3' ],
16 silly audit   'vfile-location': [ '5.0.3' ],
16 silly audit   'vfile-message': [ '4.0.3' ],
16 silly audit   vite: [ '8.1.0' ],
16 silly audit   vitefu: [ '1.1.3' ],
16 silly audit   'web-namespaces': [ '2.0.1' ],
16 silly audit   'which-pm-runs': [ '1.1.0' ],
16 silly audit   'xxhash-wasm': [ '1.1.0' ],
16 silly audit   'yargs-parser': [ '22.0.0' ],
16 silly audit   'yocto-queue': [ '1.2.2' ],
16 silly audit   zod: [ '4.4.3' ],
16 silly audit   zwitch: [ '2.0.4' ]
16 silly audit }
17 verbose reify failed optional dependency /Users/joydeep/Desktop/Projects/Website/penningjoy.github.io/node_modules/lightningcss-win32-x64-msvc
18 silly reify mark deleted [
18 silly reify   '/Users/joydeep/Desktop/Projects/Website/penningjoy.github.io/node_modules/lightningcss-win32-x64-msvc'
18 silly reify ]
19 verbose reify failed optional dependency /Users/joydeep/Desktop/Projects/Website/penningjoy.github.io/node_modules/lightningcss-win32-arm64-msvc
20 silly reify mark deleted [
20 silly reify   '/Users/joydeep/Desktop/Projects/Website/penningjoy.github.io/node_modules/lightningcss-win32-arm64-msvc'
20 silly reify ]
21 verbose reify failed optional dependency /Users/joydeep/Desktop/Projects/Website/penningjoy.github.io/node_modules/lightningcss-linux-x64-musl
22 silly reify mark deleted [
22 silly reify   '/Users/joydeep/Desktop/Projects/Website/penningjoy.github.io/node_modules/lightningcss-linux-x64-musl'
22 silly reify ]
23 verbose reify failed optional dependency /Users/joydeep/Desktop/Projects/Website/penningjoy.github.io/node_modules/lightningcss-linux-x64-gnu
24 silly reify mark deleted [
24 silly reify   '/Users/joydeep/Desktop/Projects/Website/penningjoy.github.io/node_modules/lightningcss-linux-x64-gnu'
24 silly reify ]
25 verbose reify failed optional dependency /Users/joydeep/Desktop/Projects/Website/penningjoy.github.io/node_modules/lightningcss-linux-arm64-musl
26 silly reify mark deleted [
26 silly reify   '/Users/joydeep/Desktop/Projects/Website/penningjoy.github.io/node_modules/lightningcss-linux-arm64-musl'
26 silly reify ]
27 verbose reify failed optional dependency /Users/joydeep/Desktop/Projects/Website/penningjoy.github.io/node_modules/lightningcss-linux-arm64-gnu
28 silly reify mark deleted [
28 silly reify   '/Users/joydeep/Desktop/Projects/Website/penningjoy.github.io/node_modules/lightningcss-linux-arm64-gnu'
28 silly reify ]
29 verbose reify failed optional dependency /Users/joydeep/Desktop/Projects/Website/penningjoy.github.io/node_modules/lightningcss-linux-arm-gnueabihf
30 silly reify mark deleted [
30 silly reify   '/Users/joydeep/Desktop/Projects/Website/penningjoy.github.io/node_modules/lightningcss-linux-arm-gnueabihf'
30 silly reify ]
31 verbose reify failed optional dependency /Users/joydeep/Desktop/Projects/Website/penningjoy.github.io/node_modules/lightningcss-freebsd-x64
32 silly reify mark deleted [
32 silly reify   '/Users/joydeep/Desktop/Projects/Website/penningjoy.github.io/node_modules/lightningcss-freebsd-x64'
32 silly reify ]
33 verbose reify failed optional dependency /Users/joydeep/Desktop/Projects/Website/penningjoy.github.io/node_modules/lightningcss-darwin-arm64
34 silly reify mark deleted [
34 silly reify   '/Users/joydeep/Desktop/Projects/Website/penningjoy.github.io/node_modules/lightningcss-darwin-arm64'
34 silly reify ]
35 verbose reify failed optional dependency /Users/joydeep/Desktop/Projects/Website/penningjoy.github.io/node_modules/lightningcss-android-arm64
36 silly reify mark deleted [
36 silly reify   '/Users/joydeep/Desktop/Projects/Website/penningjoy.github.io/node_modules/lightningcss-android-arm64'
36 silly reify ]
37 verbose reify failed optional dependency /Users/joydeep/Desktop/Projects/Website/penningjoy.github.io/node_modules/@rolldown/binding-win32-x64-msvc
38 silly reify mark deleted [
38 silly reify   '/Users/joydeep/Desktop/Projects/Website/penningjoy.github.io/node_modules/@rolldown/binding-win32-x64-msvc'
38 silly reify ]
39 verbose reify failed optional dependency /Users/joydeep/Desktop/Projects/Website/penningjoy.github.io/node_modules/@rolldown/binding-win32-arm64-msvc
40 silly reify mark deleted [
40 silly reify   '/Users/joydeep/Desktop/Projects/Website/penningjoy.github.io/node_modules/@rolldown/binding-win32-arm64-msvc'
40 silly reify ]
41 verbose reify failed optional dependency /Users/joydeep/Desktop/Projects/Website/penningjoy.github.io/node_modules/@rolldown/binding-wasm32-wasi
42 silly reify mark deleted [
42 silly reify   '/Users/joydeep/Desktop/Projects/Website/penningjoy.github.io/node_modules/@rolldown/binding-wasm32-wasi'
42 silly reify ]
43 verbose reify failed optional dependency /Users/joydeep/Desktop/Projects/Website/penningjoy.github.io/node_modules/@rolldown/binding-openharmony-arm64
44 silly reify mark deleted [
44 silly reify   '/Users/joydeep/Desktop/Projects/Website/penningjoy.github.io/node_modules/@rolldown/binding-openharmony-arm64'
44 silly reify ]
45 verbose reify failed optional dependency /Users/joydeep/Desktop/Projects/Website/penningjoy.github.io/node_modules/@rolldown/binding-linux-x64-musl
46 silly reify mark deleted [
46 silly reify   '/Users/joydeep/Desktop/Projects/Website/penningjoy.github.io/node_modules/@rolldown/binding-linux-x64-musl'
46 silly reify ]
47 verbose reify failed optional dependency /Users/joydeep/Desktop/Projects/Website/penningjoy.github.io/node_modules/@rolldown/binding-linux-x64-gnu
48 silly reify mark deleted [
48 silly reify   '/Users/joydeep/Desktop/Projects/Website/penningjoy.github.io/node_modules/@rolldown/binding-linux-x64-gnu'
48 silly reify ]
49 verbose reify failed optional dependency /Users/joydeep/Desktop/Projects/Website/penningjoy.github.io/node_modules/@rolldown/binding-linux-s390x-gnu
50 silly reify mark deleted [
50 silly reify   '/Users/joydeep/Desktop/Projects/Website/penningjoy.github.io/node_modules/@rolldown/binding-linux-s390x-gnu'
50 silly reify ]
51 verbose reify failed optional dependency /Users/joydeep/Desktop/Projects/Website/penningjoy.github.io/node_modules/@rolldown/binding-linux-ppc64-gnu
52 silly reify mark deleted [
52 silly reify   '/Users/joydeep/Desktop/Projects/Website/penningjoy.github.io/node_modules/@rolldown/binding-linux-ppc64-gnu'
52 silly reify ]
53 verbose reify failed optional dependency /Users/joydeep/Desktop/Projects/Website/penningjoy.github.io/node_modules/@rolldown/binding-linux-arm64-musl
54 silly reify mark deleted [
54 silly reify   '/Users/joydeep/Desktop/Projects/Website/penningjoy.github.io/node_modules/@rolldown/binding-linux-arm64-musl'
54 silly reify ]
55 verbose reify failed optional dependency /Users/joydeep/Desktop/Projects/Website/penningjoy.github.io/node_modules/@rolldown/binding-linux-arm64-gnu
56 silly reify mark deleted [
56 silly reify   '/Users/joydeep/Desktop/Projects/Website/penningjoy.github.io/node_modules/@rolldown/binding-linux-arm64-gnu'
56 silly reify ]
57 verbose reify failed optional dependency /Users/joydeep/Desktop/Projects/Website/penningjoy.github.io/node_modules/@rolldown/binding-linux-arm-gnueabihf
58 silly reify mark deleted [
58 silly reify   '/Users/joydeep/Desktop/Projects/Website/penningjoy.github.io/node_modules/@rolldown/binding-linux-arm-gnueabihf'
58 silly reify ]
59 verbose reify failed optional dependency /Users/joydeep/Desktop/Projects/Website/penningjoy.github.io/node_modules/@rolldown/binding-freebsd-x64
60 silly reify mark deleted [
60 silly reify   '/Users/joydeep/Desktop/Projects/Website/penningjoy.github.io/node_modules/@rolldown/binding-freebsd-x64'
60 silly reify ]
61 verbose reify failed optional dependency /Users/joydeep/Desktop/Projects/Website/penningjoy.github.io/node_modules/@rolldown/binding-darwin-arm64
62 silly reify mark deleted [
62 silly reify   '/Users/joydeep/Desktop/Projects/Website/penningjoy.github.io/node_modules/@rolldown/binding-darwin-arm64'
62 silly reify ]
63 verbose reify failed optional dependency /Users/joydeep/Desktop/Projects/Website/penningjoy.github.io/node_modules/@rolldown/binding-android-arm64
64 silly reify mark deleted [
64 silly reify   '/Users/joydeep/Desktop/Projects/Website/penningjoy.github.io/node_modules/@rolldown/binding-android-arm64'
64 silly reify ]
65 verbose reify failed optional dependency /Users/joydeep/Desktop/Projects/Website/penningjoy.github.io/node_modules/@img/sharp-win32-x64
66 silly reify mark deleted [
66 silly reify   '/Users/joydeep/Desktop/Projects/Website/penningjoy.github.io/node_modules/@img/sharp-win32-x64'
66 silly reify ]
67 verbose reify failed optional dependency /Users/joydeep/Desktop/Projects/Website/penningjoy.github.io/node_modules/@img/sharp-win32-ia32
68 silly reify mark deleted [
68 silly reify   '/Users/joydeep/Desktop/Projects/Website/penningjoy.github.io/node_modules/@img/sharp-win32-ia32'
68 silly reify ]
69 verbose reify failed optional dependency /Users/joydeep/Desktop/Projects/Website/penningjoy.github.io/node_modules/@img/sharp-win32-arm64
70 silly reify mark deleted [
70 silly reify   '/Users/joydeep/Desktop/Projects/Website/penningjoy.github.io/node_modules/@img/sharp-win32-arm64'
70 silly reify ]
71 verbose reify failed optional dependency /Users/joydeep/Desktop/Projects/Website/penningjoy.github.io/node_modules/@img/sharp-wasm32
72 silly reify mark deleted [
72 silly reify   '/Users/joydeep/Desktop/Projects/Website/penningjoy.github.io/node_modules/@img/sharp-wasm32'
72 silly reify ]
73 verbose reify failed optional dependency /Users/joydeep/Desktop/Projects/Website/penningjoy.github.io/node_modules/@img/sharp-linuxmusl-x64
74 silly reify mark deleted [
74 silly reify   '/Users/joydeep/Desktop/Projects/Website/penningjoy.github.io/node_modules/@img/sharp-linuxmusl-x64'
74 silly reify ]
75 verbose reify failed optional dependency /Users/joydeep/Desktop/Projects/Website/penningjoy.github.io/node_modules/@img/sharp-linuxmusl-arm64
76 silly reify mark deleted [
76 silly reify   '/Users/joydeep/Desktop/Projects/Website/penningjoy.github.io/node_modules/@img/sharp-linuxmusl-arm64'
76 silly reify ]
77 verbose reify failed optional dependency /Users/joydeep/Desktop/Projects/Website/penningjoy.github.io/node_modules/@img/sharp-linux-x64
78 silly reify mark deleted [
78 silly reify   '/Users/joydeep/Desktop/Projects/Website/penningjoy.github.io/node_modules/@img/sharp-linux-x64'
78 silly reify ]
79 verbose reify failed optional dependency /Users/joydeep/Desktop/Projects/Website/penningjoy.github.io/node_modules/@img/sharp-linux-s390x
80 silly reify mark deleted [
80 silly reify   '/Users/joydeep/Desktop/Projects/Website/penningjoy.github.io/node_modules/@img/sharp-linux-s390x'
80 silly reify ]
81 verbose reify failed optional dependency /Users/joydeep/Desktop/Projects/Website/penningjoy.github.io/node_modules/@img/sharp-linux-riscv64
82 silly reify mark deleted [
82 silly reify   '/Users/joydeep/Desktop/Projects/Website/penningjoy.github.io/node_modules/@img/sharp-linux-riscv64'
82 silly reify ]
83 verbose reify failed optional dependency /Users/joydeep/Desktop/Projects/Website/penningjoy.github.io/node_modules/@img/sharp-linux-ppc64
84 silly reify mark deleted [
84 silly reify   '/Users/joydeep/Desktop/Projects/Website/penningjoy.github.io/node_modules/@img/sharp-linux-ppc64'
84 silly reify ]
85 verbose reify failed optional dependency /Users/joydeep/Desktop/Projects/Website/penningjoy.github.io/node_modules/@img/sharp-linux-arm64
86 silly reify mark deleted [
86 silly reify   '/Users/joydeep/Desktop/Projects/Website/penningjoy.github.io/node_modules/@img/sharp-linux-arm64'
86 silly reify ]
87 verbose reify failed optional dependency /Users/joydeep/Desktop/Projects/Website/penningjoy.github.io/node_modules/@img/sharp-linux-arm
88 silly reify mark deleted [
88 silly reify   '/Users/joydeep/Desktop/Projects/Website/penningjoy.github.io/node_modules/@img/sharp-linux-arm'
88 silly reify ]
89 verbose reify failed optional dependency /Users/joydeep/Desktop/Projects/Website/penningjoy.github.io/node_modules/@img/sharp-libvips-linuxmusl-x64
90 silly reify mark deleted [
90 silly reify   '/Users/joydeep/Desktop/Projects/Website/penningjoy.github.io/node_modules/@img/sharp-libvips-linuxmusl-x64'
90 silly reify ]
91 verbose reify failed optional dependency /Users/joydeep/Desktop/Projects/Website/penningjoy.github.io/node_modules/@img/sharp-libvips-linuxmusl-arm64
92 silly reify mark deleted [
92 silly reify   '/Users/joydeep/Desktop/Projects/Website/penningjoy.github.io/node_modules/@img/sharp-libvips-linuxmusl-arm64'
92 silly reify ]
93 verbose reify failed optional dependency /Users/joydeep/Desktop/Projects/Website/penningjoy.github.io/node_modules/@img/sharp-libvips-linux-x64
94 silly reify mark deleted [
94 silly reify   '/Users/joydeep/Desktop/Projects/Website/penningjoy.github.io/node_modules/@img/sharp-libvips-linux-x64'
94 silly reify ]
95 verbose reify failed optional dependency /Users/joydeep/Desktop/Projects/Website/penningjoy.github.io/node_modules/@img/sharp-libvips-linux-s390x
96 silly reify mark deleted [
96 silly reify   '/Users/joydeep/Desktop/Projects/Website/penningjoy.github.io/node_modules/@img/sharp-libvips-linux-s390x'
96 silly reify ]
97 verbose reify failed optional dependency /Users/joydeep/Desktop/Projects/Website/penningjoy.github.io/node_modules/@img/sharp-libvips-linux-riscv64
98 silly reify mark deleted [
98 silly reify   '/Users/joydeep/Desktop/Projects/Website/penningjoy.github.io/node_modules/@img/sharp-libvips-linux-riscv64'
98 silly reify ]
99 verbose reify failed optional dependency /Users/joydeep/Desktop/Projects/Website/penningjoy.github.io/node_modules/@img/sharp-libvips-linux-ppc64
100 silly reify mark deleted [
100 silly reify   '/Users/joydeep/Desktop/Projects/Website/penningjoy.github.io/node_modules/@img/sharp-libvips-linux-ppc64'
100 silly reify ]
101 verbose reify failed optional dependency /Users/joydeep/Desktop/Projects/Website/penningjoy.github.io/node_modules/@img/sharp-libvips-linux-arm64
102 silly reify mark deleted [
102 silly reify   '/Users/joydeep/Desktop/Projects/Website/penningjoy.github.io/node_modules/@img/sharp-libvips-linux-arm64'
102 silly reify ]
103 verbose reify failed optional dependency /Users/joydeep/Desktop/Projects/Website/penningjoy.github.io/node_modules/@img/sharp-libvips-linux-arm
104 silly reify mark deleted [
104 silly reify   '/Users/joydeep/Desktop/Projects/Website/penningjoy.github.io/node_modules/@img/sharp-libvips-linux-arm'
104 silly reify ]
105 verbose reify failed optional dependency /Users/joydeep/Desktop/Projects/Website/penningjoy.github.io/node_modules/@img/sharp-libvips-darwin-arm64
106 silly reify mark deleted [
106 silly reify   '/Users/joydeep/Desktop/Projects/Website/penningjoy.github.io/node_modules/@img/sharp-libvips-darwin-arm64'
106 silly reify ]
107 verbose reify failed optional dependency /Users/joydeep/Desktop/Projects/Website/penningjoy.github.io/node_modules/@img/sharp-darwin-arm64
108 silly reify mark deleted [
108 silly reify   '/Users/joydeep/Desktop/Projects/Website/penningjoy.github.io/node_modules/@img/sharp-darwin-arm64'
108 silly reify ]
109 verbose reify failed optional dependency /Users/joydeep/Desktop/Projects/Website/penningjoy.github.io/node_modules/@esbuild/win32-x64
110 silly reify mark deleted [
110 silly reify   '/Users/joydeep/Desktop/Projects/Website/penningjoy.github.io/node_modules/@esbuild/win32-x64'
110 silly reify ]
111 verbose reify failed optional dependency /Users/joydeep/Desktop/Projects/Website/penningjoy.github.io/node_modules/@esbuild/win32-ia32
112 silly reify mark deleted [
112 silly reify   '/Users/joydeep/Desktop/Projects/Website/penningjoy.github.io/node_modules/@esbuild/win32-ia32'
112 silly reify ]
113 verbose reify failed optional dependency /Users/joydeep/Desktop/Projects/Website/penningjoy.github.io/node_modules/@esbuild/win32-arm64
114 silly reify mark deleted [
114 silly reify   '/Users/joydeep/Desktop/Projects/Website/penningjoy.github.io/node_modules/@esbuild/win32-arm64'
114 silly reify ]
115 verbose reify failed optional dependency /Users/joydeep/Desktop/Projects/Website/penningjoy.github.io/node_modules/@esbuild/sunos-x64
116 silly reify mark deleted [
116 silly reify   '/Users/joydeep/Desktop/Projects/Website/penningjoy.github.io/node_modules/@esbuild/sunos-x64'
116 silly reify ]
117 verbose reify failed optional dependency /Users/joydeep/Desktop/Projects/Website/penningjoy.github.io/node_modules/@esbuild/openharmony-arm64
118 silly reify mark deleted [
118 silly reify   '/Users/joydeep/Desktop/Projects/Website/penningjoy.github.io/node_modules/@esbuild/openharmony-arm64'
118 silly reify ]
119 verbose reify failed optional dependency /Users/joydeep/Desktop/Projects/Website/penningjoy.github.io/node_modules/@esbuild/openbsd-x64
120 silly reify mark deleted [
120 silly reify   '/Users/joydeep/Desktop/Projects/Website/penningjoy.github.io/node_modules/@esbuild/openbsd-x64'
120 silly reify ]
121 verbose reify failed optional dependency /Users/joydeep/Desktop/Projects/Website/penningjoy.github.io/node_modules/@esbuild/openbsd-arm64
122 silly reify mark deleted [
122 silly reify   '/Users/joydeep/Desktop/Projects/Website/penningjoy.github.io/node_modules/@esbuild/openbsd-arm64'
122 silly reify ]
123 verbose reify failed optional dependency /Users/joydeep/Desktop/Projects/Website/penningjoy.github.io/node_modules/@esbuild/netbsd-x64
124 silly reify mark deleted [
124 silly reify   '/Users/joydeep/Desktop/Projects/Website/penningjoy.github.io/node_modules/@esbuild/netbsd-x64'
124 silly reify ]
125 verbose reify failed optional dependency /Users/joydeep/Desktop/Projects/Website/penningjoy.github.io/node_modules/@esbuild/netbsd-arm64
126 silly reify mark deleted [
126 silly reify   '/Users/joydeep/Desktop/Projects/Website/penningjoy.github.io/node_modules/@esbuild/netbsd-arm64'
126 silly reify ]
127 verbose reify failed optional dependency /Users/joydeep/Desktop/Projects/Website/penningjoy.github.io/node_modules/@esbuild/linux-x64
128 silly reify mark deleted [
128 silly reify   '/Users/joydeep/Desktop/Projects/Website/penningjoy.github.io/node_modules/@esbuild/linux-x64'
128 silly reify ]
129 verbose reify failed optional dependency /Users/joydeep/Desktop/Projects/Website/penningjoy.github.io/node_modules/@esbuild/linux-s390x
130 silly reify mark deleted [
130 silly reify   '/Users/joydeep/Desktop/Projects/Website/penningjoy.github.io/node_modules/@esbuild/linux-s390x'
130 silly reify ]
131 verbose reify failed optional dependency /Users/joydeep/Desktop/Projects/Website/penningjoy.github.io/node_modules/@esbuild/linux-riscv64
132 silly reify mark deleted [
132 silly reify   '/Users/joydeep/Desktop/Projects/Website/penningjoy.github.io/node_modules/@esbuild/linux-riscv64'
132 silly reify ]
133 verbose reify failed optional dependency /Users/joydeep/Desktop/Projects/Website/penningjoy.github.io/node_modules/@esbuild/linux-ppc64
134 silly reify mark deleted [
134 silly reify   '/Users/joydeep/Desktop/Projects/Website/penningjoy.github.io/node_modules/@esbuild/linux-ppc64'
134 silly reify ]
135 verbose reify failed optional dependency /Users/joydeep/Desktop/Projects/Website/penningjoy.github.io/node_modules/@esbuild/linux-mips64el
136 silly reify mark deleted [
136 silly reify   '/Users/joydeep/Desktop/Projects/Website/penningjoy.github.io/node_modules/@esbuild/linux-mips64el'
136 silly reify ]
137 verbose reify failed optional dependency /Users/joydeep/Desktop/Projects/Website/penningjoy.github.io/node_modules/@esbuild/linux-loong64
138 silly reify mark deleted [
138 silly reify   '/Users/joydeep/Desktop/Projects/Website/penningjoy.github.io/node_modules/@esbuild/linux-loong64'
138 silly reify ]
139 verbose reify failed optional dependency /Users/joydeep/Desktop/Projects/Website/penningjoy.github.io/node_modules/@esbuild/linux-ia32
140 silly reify mark deleted [
140 silly reify   '/Users/joydeep/Desktop/Projects/Website/penningjoy.github.io/node_modules/@esbuild/linux-ia32'
140 silly reify ]
141 verbose reify failed optional dependency /Users/joydeep/Desktop/Projects/Website/penningjoy.github.io/node_modules/@esbuild/linux-arm64
142 silly reify mark deleted [
142 silly reify   '/Users/joydeep/Desktop/Projects/Website/penningjoy.github.io/node_modules/@esbuild/linux-arm64'
142 silly reify ]
143 verbose reify failed optional dependency /Users/joydeep/Desktop/Projects/Website/penningjoy.github.io/node_modules/@esbuild/linux-arm
144 silly reify mark deleted [
144 silly reify   '/Users/joydeep/Desktop/Projects/Website/penningjoy.github.io/node_modules/@esbuild/linux-arm'
144 silly reify ]
145 verbose reify failed optional dependency /Users/joydeep/Desktop/Projects/Website/penningjoy.github.io/node_modules/@esbuild/freebsd-x64
146 silly reify mark deleted [
146 silly reify   '/Users/joydeep/Desktop/Projects/Website/penningjoy.github.io/node_modules/@esbuild/freebsd-x64'
146 silly reify ]
147 verbose reify failed optional dependency /Users/joydeep/Desktop/Projects/Website/penningjoy.github.io/node_modules/@esbuild/freebsd-arm64
148 silly reify mark deleted [
148 silly reify   '/Users/joydeep/Desktop/Projects/Website/penningjoy.github.io/node_modules/@esbuild/freebsd-arm64'
148 silly reify ]
149 verbose reify failed optional dependency /Users/joydeep/Desktop/Projects/Website/penningjoy.github.io/node_modules/@esbuild/darwin-arm64
150 silly reify mark deleted [
150 silly reify   '/Users/joydeep/Desktop/Projects/Website/penningjoy.github.io/node_modules/@esbuild/darwin-arm64'
150 silly reify ]
151 verbose reify failed optional dependency /Users/joydeep/Desktop/Projects/Website/penningjoy.github.io/node_modules/@esbuild/android-x64
152 silly reify mark deleted [
152 silly reify   '/Users/joydeep/Desktop/Projects/Website/penningjoy.github.io/node_modules/@esbuild/android-x64'
152 silly reify ]
153 verbose reify failed optional dependency /Users/joydeep/Desktop/Projects/Website/penningjoy.github.io/node_modules/@esbuild/android-arm64
154 silly reify mark deleted [
154 silly reify   '/Users/joydeep/Desktop/Projects/Website/penningjoy.github.io/node_modules/@esbuild/android-arm64'
154 silly reify ]
155 verbose reify failed optional dependency /Users/joydeep/Desktop/Projects/Website/penningjoy.github.io/node_modules/@esbuild/android-arm
156 silly reify mark deleted [
156 silly reify   '/Users/joydeep/Desktop/Projects/Website/penningjoy.github.io/node_modules/@esbuild/android-arm'
156 silly reify ]
157 verbose reify failed optional dependency /Users/joydeep/Desktop/Projects/Website/penningjoy.github.io/node_modules/@esbuild/aix-ppc64
158 silly reify mark deleted [
158 silly reify   '/Users/joydeep/Desktop/Projects/Website/penningjoy.github.io/node_modules/@esbuild/aix-ppc64'
158 silly reify ]
159 verbose reify failed optional dependency /Users/joydeep/Desktop/Projects/Website/penningjoy.github.io/node_modules/@bruits/satteri-win32-x64-msvc
160 silly reify mark deleted [
160 silly reify   '/Users/joydeep/Desktop/Projects/Website/penningjoy.github.io/node_modules/@bruits/satteri-win32-x64-msvc'
160 silly reify ]
161 verbose reify failed optional dependency /Users/joydeep/Desktop/Projects/Website/penningjoy.github.io/node_modules/@bruits/satteri-win32-arm64-msvc
162 silly reify mark deleted [
162 silly reify   '/Users/joydeep/Desktop/Projects/Website/penningjoy.github.io/node_modules/@bruits/satteri-win32-arm64-msvc'
162 silly reify ]
163 verbose reify failed optional dependency /Users/joydeep/Desktop/Projects/Website/penningjoy.github.io/node_modules/@bruits/satteri-wasm32-wasi
164 silly reify mark deleted [
164 silly reify   '/Users/joydeep/Desktop/Projects/Website/penningjoy.github.io/node_modules/@bruits/satteri-wasm32-wasi'
164 silly reify ]
165 verbose reify failed optional dependency /Users/joydeep/Desktop/Projects/Website/penningjoy.github.io/node_modules/@bruits/satteri-linux-x64-musl
166 silly reify mark deleted [
166 silly reify   '/Users/joydeep/Desktop/Projects/Website/penningjoy.github.io/node_modules/@bruits/satteri-linux-x64-musl'
166 silly reify ]
167 verbose reify failed optional dependency /Users/joydeep/Desktop/Projects/Website/penningjoy.github.io/node_modules/@bruits/satteri-linux-x64-gnu
168 silly reify mark deleted [
168 silly reify   '/Users/joydeep/Desktop/Projects/Website/penningjoy.github.io/node_modules/@bruits/satteri-linux-x64-gnu'
168 silly reify ]
169 verbose reify failed optional dependency /Users/joydeep/Desktop/Projects/Website/penningjoy.github.io/node_modules/@bruits/satteri-linux-arm64-musl
170 silly reify mark deleted [
170 silly reify   '/Users/joydeep/Desktop/Projects/Website/penningjoy.github.io/node_modules/@bruits/satteri-linux-arm64-musl'
170 silly reify ]
171 verbose reify failed optional dependency /Users/joydeep/Desktop/Projects/Website/penningjoy.github.io/node_modules/@bruits/satteri-linux-arm64-gnu
172 silly reify mark deleted [
172 silly reify   '/Users/joydeep/Desktop/Projects/Website/penningjoy.github.io/node_modules/@bruits/satteri-linux-arm64-gnu'
172 silly reify ]
173 verbose reify failed optional dependency /Users/joydeep/Desktop/Projects/Website/penningjoy.github.io/node_modules/@bruits/satteri-darwin-arm64
174 silly reify mark deleted [
174 silly reify   '/Users/joydeep/Desktop/Projects/Website/penningjoy.github.io/node_modules/@bruits/satteri-darwin-arm64'
174 silly reify ]
175 verbose reify failed optional dependency /Users/joydeep/Desktop/Projects/Website/penningjoy.github.io/node_modules/@astrojs/compiler-binding-win32-x64-msvc
176 silly reify mark deleted [
176 silly reify   '/Users/joydeep/Desktop/Projects/Website/penningjoy.github.io/node_modules/@astrojs/compiler-binding-win32-x64-msvc'
176 silly reify ]
177 verbose reify failed optional dependency /Users/joydeep/Desktop/Projects/Website/penningjoy.github.io/node_modules/@astrojs/compiler-binding-win32-arm64-msvc
178 silly reify mark deleted [
178 silly reify   '/Users/joydeep/Desktop/Projects/Website/penningjoy.github.io/node_modules/@astrojs/compiler-binding-win32-arm64-msvc'
178 silly reify ]
179 verbose reify failed optional dependency /Users/joydeep/Desktop/Projects/Website/penningjoy.github.io/node_modules/@astrojs/compiler-binding-wasm32-wasi
180 silly reify mark deleted [
180 silly reify   '/Users/joydeep/Desktop/Projects/Website/penningjoy.github.io/node_modules/@astrojs/compiler-binding-wasm32-wasi'
180 silly reify ]
181 verbose reify failed optional dependency /Users/joydeep/Desktop/Projects/Website/penningjoy.github.io/node_modules/@astrojs/compiler-binding-linux-x64-musl
182 silly reify mark deleted [
182 silly reify   '/Users/joydeep/Desktop/Projects/Website/penningjoy.github.io/node_modules/@astrojs/compiler-binding-linux-x64-musl'
182 silly reify ]
183 verbose reify failed optional dependency /Users/joydeep/Desktop/Projects/Website/penningjoy.github.io/node_modules/@astrojs/compiler-binding-linux-x64-gnu
184 silly reify mark deleted [
184 silly reify   '/Users/joydeep/Desktop/Projects/Website/penningjoy.github.io/node_modules/@astrojs/compiler-binding-linux-x64-gnu'
184 silly reify ]
185 verbose reify failed optional dependency /Users/joydeep/Desktop/Projects/Website/penningjoy.github.io/node_modules/@astrojs/compiler-binding-linux-arm64-musl
186 silly reify mark deleted [
186 silly reify   '/Users/joydeep/Desktop/Projects/Website/penningjoy.github.io/node_modules/@astrojs/compiler-binding-linux-arm64-musl'
186 silly reify ]
187 verbose reify failed optional dependency /Users/joydeep/Desktop/Projects/Website/penningjoy.github.io/node_modules/@astrojs/compiler-binding-linux-arm64-gnu
188 silly reify mark deleted [
188 silly reify   '/Users/joydeep/Desktop/Projects/Website/penningjoy.github.io/node_modules/@astrojs/compiler-binding-linux-arm64-gnu'
188 silly reify ]
189 verbose reify failed optional dependency /Users/joydeep/Desktop/Projects/Website/penningjoy.github.io/node_modules/@astrojs/compiler-binding-darwin-arm64
190 silly reify mark deleted [
190 silly reify   '/Users/joydeep/Desktop/Projects/Website/penningjoy.github.io/node_modules/@astrojs/compiler-binding-darwin-arm64'
190 silly reify ]
191 silly audit bulk request failed undefined
192 verbose audit error FetchError: request to https://registry.npmjs.org/-/npm/v1/security/audits/quick failed, reason: getaddrinfo ENOTFOUND registry.npmjs.org
192 verbose audit error     at ClientRequest.<anonymous> (/usr/local/lib/node_modules/npm/node_modules/minipass-fetch/lib/index.js:130:14)
192 verbose audit error     at ClientRequest.emit (node:events:519:28)
192 verbose audit error     at emitErrorEvent (node:_http_client:105:11)
192 verbose audit error     at _destroy (node:_http_client:898:9)
192 verbose audit error     at onSocketNT (node:_http_client:918:5)
192 verbose audit error     at process.processTicksAndRejections (node:internal/process/task_queues:91:21) {
192 verbose audit error   code: 'ENOTFOUND',
192 verbose audit error   errno: 'ENOTFOUND',
192 verbose audit error   syscall: 'getaddrinfo',
192 verbose audit error   hostname: 'registry.npmjs.org',
192 verbose audit error   type: 'system'
192 verbose audit error }
193 silly audit error undefined
194 silly audit report null
195 http cache zwitch@https://registry.npmjs.org/zwitch/-/zwitch-2.0.4.tgz 0ms (cache hit)
196 http cache zod@https://registry.npmjs.org/zod/-/zod-4.4.3.tgz 0ms (cache hit)
197 http cache yocto-queue@https://registry.npmjs.org/yocto-queue/-/yocto-queue-1.2.2.tgz 0ms (cache hit)
198 http cache yargs-parser@https://registry.npmjs.org/yargs-parser/-/yargs-parser-22.0.0.tgz 0ms (cache hit)
199 http cache web-namespaces@https://registry.npmjs.org/web-namespaces/-/web-namespaces-2.0.1.tgz 0ms (cache hit)
200 http cache vite@https://registry.npmjs.org/vite/-/vite-8.1.0.tgz 0ms (cache hit)
201 http cache vfile-message@https://registry.npmjs.org/vfile-message/-/vfile-message-4.0.3.tgz 0ms (cache hit)
202 http cache xxhash-wasm@https://registry.npmjs.org/xxhash-wasm/-/xxhash-wasm-1.1.0.tgz 0ms (cache hit)
203 http cache which-pm-runs@https://registry.npmjs.org/which-pm-runs/-/which-pm-runs-1.1.0.tgz 0ms (cache hit)
204 http cache vitefu@https://registry.npmjs.org/vitefu/-/vitefu-1.1.3.tgz 0ms (cache hit)
205 http cache vfile-location@https://registry.npmjs.org/vfile-location/-/vfile-location-5.0.3.tgz 0ms (cache hit)
206 http cache unist-util-visit-parents@https://registry.npmjs.org/unist-util-visit-parents/-/unist-util-visit-parents-6.0.2.tgz 0ms (cache hit)
207 http cache unstorage@https://registry.npmjs.org/unstorage/-/unstorage-1.17.5.tgz 0ms (cache hit)
208 http cache unist-util-visit@https://registry.npmjs.org/unist-util-visit/-/unist-util-visit-5.1.0.tgz 0ms (cache hit)
209 http cache vfile@https://registry.npmjs.org/vfile/-/vfile-6.0.3.tgz 0ms (cache hit)
210 http cache unist-util-stringify-position@https://registry.npmjs.org/unist-util-stringify-position/-/unist-util-stringify-position-4.0.0.tgz 0ms (cache hit)
211 http cache unist-util-position@https://registry.npmjs.org/unist-util-position/-/unist-util-position-5.0.0.tgz 0ms (cache hit)
212 http cache unifont@https://registry.npmjs.org/unifont/-/unifont-0.7.4.tgz 0ms (cache hit)
213 http cache unified@https://registry.npmjs.org/unified/-/unified-11.0.5.tgz 0ms (cache hit)
214 http cache uncrypto@https://registry.npmjs.org/uncrypto/-/uncrypto-0.1.3.tgz 0ms (cache hit)
215 http cache ultrahtml@https://registry.npmjs.org/ultrahtml/-/ultrahtml-1.6.0.tgz 0ms (cache hit)
216 http cache ufo@https://registry.npmjs.org/ufo/-/ufo-1.6.4.tgz 0ms (cache hit)
217 http cache tslib@https://registry.npmjs.org/tslib/-/tslib-2.8.1.tgz 0ms (cache hit)
218 http cache trough@https://registry.npmjs.org/trough/-/trough-2.2.0.tgz 0ms (cache hit)
219 http cache trim-lines@https://registry.npmjs.org/trim-lines/-/trim-lines-3.0.1.tgz 0ms (cache hit)
220 http cache tinyglobby@https://registry.npmjs.org/tinyglobby/-/tinyglobby-0.2.17.tgz 0ms (cache hit)
221 http cache tinyexec@https://registry.npmjs.org/tinyexec/-/tinyexec-1.2.4.tgz 0ms (cache hit)
222 http cache unist-util-is@https://registry.npmjs.org/unist-util-is/-/unist-util-is-6.0.1.tgz 0ms (cache hit)
223 http cache tinyclip@https://registry.npmjs.org/tinyclip/-/tinyclip-0.1.15.tgz 0ms (cache hit)
224 http cache svgo@https://registry.npmjs.org/svgo/-/svgo-4.0.1.tgz 0ms (cache hit)
225 http cache tiny-inflate@https://registry.npmjs.org/tiny-inflate/-/tiny-inflate-1.0.3.tgz 0ms (cache hit)
226 http cache stringify-entities@https://registry.npmjs.org/stringify-entities/-/stringify-entities-4.0.4.tgz 0ms (cache hit)
227 http cache space-separated-tokens@https://registry.npmjs.org/space-separated-tokens/-/space-separated-tokens-2.0.2.tgz 0ms (cache hit)
228 http cache source-map-js@https://registry.npmjs.org/source-map-js/-/source-map-js-1.2.1.tgz 0ms (cache hit)
229 http cache smol-toml@https://registry.npmjs.org/smol-toml/-/smol-toml-1.7.0.tgz 0ms (cache hit)
230 http cache shiki@https://registry.npmjs.org/shiki/-/shiki-4.3.0.tgz 0ms (cache hit)
231 http cache sharp@https://registry.npmjs.org/sharp/-/sharp-0.34.5.tgz 0ms (cache hit)
232 http cache sisteransi@https://registry.npmjs.org/sisteransi/-/sisteransi-1.0.5.tgz 0ms (cache hit)
233 http cache satteri@https://registry.npmjs.org/satteri/-/satteri-0.9.3.tgz 0ms (cache hit)
234 http cache semver@https://registry.npmjs.org/semver/-/semver-7.8.5.tgz 0ms (cache hit)
235 http cache sax@https://registry.npmjs.org/sax/-/sax-1.6.0.tgz 0ms (cache hit)
236 http cache rolldown@https://registry.npmjs.org/rolldown/-/rolldown-1.1.3.tgz 0ms (cache hit)
237 http cache retext-smartypants@https://registry.npmjs.org/retext-smartypants/-/retext-smartypants-6.2.0.tgz 0ms (cache hit)
238 http cache rehype-stringify@https://registry.npmjs.org/rehype-stringify/-/rehype-stringify-10.0.1.tgz 0ms (cache hit)
239 http cache rehype-parse@https://registry.npmjs.org/rehype-parse/-/rehype-parse-9.0.1.tgz 0ms (cache hit)
240 http cache rehype@https://registry.npmjs.org/rehype/-/rehype-13.0.2.tgz 0ms (cache hit)
241 http cache resolve-pkg-maps@https://registry.npmjs.org/resolve-pkg-maps/-/resolve-pkg-maps-1.0.0.tgz 0ms (cache hit)
242 http cache regex-utilities@https://registry.npmjs.org/regex-utilities/-/regex-utilities-2.3.0.tgz 0ms (cache hit)
243 http cache regex-recursion@https://registry.npmjs.org/regex-recursion/-/regex-recursion-6.0.2.tgz 0ms (cache hit)
244 http cache regex@https://registry.npmjs.org/regex/-/regex-6.1.0.tgz 0ms (cache hit)
245 http cache radix3@https://registry.npmjs.org/radix3/-/radix3-1.1.2.tgz 0ms (cache hit)
246 http cache process-ancestry@https://registry.npmjs.org/process-ancestry/-/process-ancestry-0.1.0.tgz 0ms (cache hit)
247 http cache readdirp@https://registry.npmjs.org/readdirp/-/readdirp-5.0.0.tgz 0ms (cache hit)
248 http cache property-information@https://registry.npmjs.org/property-information/-/property-information-7.2.0.tgz 0ms (cache hit)
249 http cache postcss@https://registry.npmjs.org/postcss/-/postcss-8.5.16.tgz 0ms (cache hit)
250 http cache prismjs@https://registry.npmjs.org/prismjs/-/prismjs-1.30.0.tgz 0ms (cache hit)
251 http cache picocolors@https://registry.npmjs.org/picocolors/-/picocolors-1.1.1.tgz 0ms (cache hit)
252 http cache piccolore@https://registry.npmjs.org/piccolore/-/piccolore-0.1.3.tgz 0ms (cache hit)
253 http cache picomatch@https://registry.npmjs.org/picomatch/-/picomatch-4.0.4.tgz 0ms (cache hit)
254 http cache parse5@https://registry.npmjs.org/parse5/-/parse5-7.3.0.tgz 0ms (cache hit)
255 http cache package-manager-detector@https://registry.npmjs.org/package-manager-detector/-/package-manager-detector-1.6.0.tgz 0ms (cache hit)
256 http cache p-timeout@https://registry.npmjs.org/p-timeout/-/p-timeout-7.0.1.tgz 0ms (cache hit)
257 http cache p-queue@https://registry.npmjs.org/p-queue/-/p-queue-9.3.0.tgz 0ms (cache hit)
258 http cache oniguruma-to-es@https://registry.npmjs.org/oniguruma-to-es/-/oniguruma-to-es-4.3.6.tgz 0ms (cache hit)
259 http cache p-limit@https://registry.npmjs.org/p-limit/-/p-limit-7.3.0.tgz 0ms (cache hit)
260 http cache oniguruma-parser@https://registry.npmjs.org/oniguruma-parser/-/oniguruma-parser-0.12.2.tgz 0ms (cache hit)
261 http cache ofetch@https://registry.npmjs.org/ofetch/-/ofetch-1.5.1.tgz 0ms (cache hit)
262 http cache obug@https://registry.npmjs.org/obug/-/obug-2.1.3.tgz 0ms (cache hit)
263 http cache nth-check@https://registry.npmjs.org/nth-check/-/nth-check-2.1.1.tgz 0ms (cache hit)
264 http cache ohash@https://registry.npmjs.org/ohash/-/ohash-2.0.11.tgz 0ms (cache hit)
265 http cache node-mock-http@https://registry.npmjs.org/node-mock-http/-/node-mock-http-1.0.4.tgz 0ms (cache hit)
266 http cache nlcst-to-string@https://registry.npmjs.org/nlcst-to-string/-/nlcst-to-string-4.0.0.tgz 0ms (cache hit)
267 http cache normalize-path@https://registry.npmjs.org/normalize-path/-/normalize-path-3.0.0.tgz 0ms (cache hit)
268 http cache node-fetch-native@https://registry.npmjs.org/node-fetch-native/-/node-fetch-native-1.6.7.tgz 0ms (cache hit)
269 http cache nanoid@https://registry.npmjs.org/nanoid/-/nanoid-3.3.15.tgz 0ms (cache hit)
270 http cache neotraverse@https://registry.npmjs.org/neotraverse/-/neotraverse-0.6.18.tgz 0ms (cache hit)
271 http cache mrmime@https://registry.npmjs.org/mrmime/-/mrmime-2.0.1.tgz 0ms (cache hit)
272 http cache micromark-util-types@https://registry.npmjs.org/micromark-util-types/-/micromark-util-types-2.0.2.tgz 0ms (cache hit)
273 http cache micromark-util-symbol@https://registry.npmjs.org/micromark-util-symbol/-/micromark-util-symbol-2.0.1.tgz 0ms (cache hit)
274 http cache micromark-util-encode@https://registry.npmjs.org/micromark-util-encode/-/micromark-util-encode-2.0.1.tgz 0ms (cache hit)
275 http cache micromark-util-sanitize-uri@https://registry.npmjs.org/micromark-util-sanitize-uri/-/micromark-util-sanitize-uri-2.0.1.tgz 0ms (cache hit)
276 http cache mdn-data@https://registry.npmjs.org/mdn-data/-/mdn-data-2.27.1.tgz 0ms (cache hit)
277 http cache mdast-util-to-hast@https://registry.npmjs.org/mdast-util-to-hast/-/mdast-util-to-hast-13.2.1.tgz 0ms (cache hit)
278 http cache magicast@https://registry.npmjs.org/magicast/-/magicast-0.5.3.tgz 0ms (cache hit)
279 http cache micromark-util-character@https://registry.npmjs.org/micromark-util-character/-/micromark-util-character-2.1.1.tgz 0ms (cache hit)
280 http cache magic-string@https://registry.npmjs.org/magic-string/-/magic-string-0.30.21.tgz 0ms (cache hit)
281 http cache lru-cache@https://registry.npmjs.org/lru-cache/-/lru-cache-11.5.1.tgz 0ms (cache hit)
282 http cache lightningcss-darwin-x64@https://registry.npmjs.org/lightningcss-darwin-x64/-/lightningcss-darwin-x64-1.32.0.tgz 0ms (cache hit)
283 http cache lightningcss@https://registry.npmjs.org/lightningcss/-/lightningcss-1.32.0.tgz 0ms (cache hit)
284 http cache jsonc-parser@https://registry.npmjs.org/jsonc-parser/-/jsonc-parser-3.3.1.tgz 0ms (cache hit)
285 http cache js-yaml@https://registry.npmjs.org/js-yaml/-/js-yaml-4.3.0.tgz 0ms (cache hit)
286 http cache is-wsl@https://registry.npmjs.org/is-wsl/-/is-wsl-3.1.1.tgz 0ms (cache hit)
287 http cache is-inside-container@https://registry.npmjs.org/is-inside-container/-/is-inside-container-1.0.0.tgz 0ms (cache hit)
288 http cache is-docker@https://registry.npmjs.org/is-docker/-/is-docker-4.0.0.tgz 0ms (cache hit)
289 http cache is-plain-obj@https://registry.npmjs.org/is-plain-obj/-/is-plain-obj-4.1.0.tgz 0ms (cache hit)
290 http cache iron-webcrypto@https://registry.npmjs.org/iron-webcrypto/-/iron-webcrypto-1.2.1.tgz 0ms (cache hit)
291 http cache http-cache-semantics@https://registry.npmjs.org/http-cache-semantics/-/http-cache-semantics-4.2.0.tgz 0ms (cache hit)
292 http cache html-void-elements@https://registry.npmjs.org/html-void-elements/-/html-void-elements-3.0.0.tgz 0ms (cache hit)
293 http cache hastscript@https://registry.npmjs.org/hastscript/-/hastscript-9.0.1.tgz 0ms (cache hit)
294 http cache hast-util-whitespace@https://registry.npmjs.org/hast-util-whitespace/-/hast-util-whitespace-3.0.0.tgz 0ms (cache hit)
295 http cache hast-util-to-html@https://registry.npmjs.org/hast-util-to-html/-/hast-util-to-html-9.0.5.tgz 0ms (cache hit)
296 http cache html-escaper@https://registry.npmjs.org/html-escaper/-/html-escaper-3.0.3.tgz 0ms (cache hit)
297 http cache hast-util-parse-selector@https://registry.npmjs.org/hast-util-parse-selector/-/hast-util-parse-selector-4.0.0.tgz 0ms (cache hit)
298 http cache hast-util-from-html@https://registry.npmjs.org/hast-util-from-html/-/hast-util-from-html-2.0.3.tgz 0ms (cache hit)
299 http cache hast-util-from-parse5@https://registry.npmjs.org/hast-util-from-parse5/-/hast-util-from-parse5-8.0.3.tgz 0ms (cache hit)
300 http cache h3@https://registry.npmjs.org/h3/-/h3-1.15.11.tgz 0ms (cache hit)
301 http cache github-slugger@https://registry.npmjs.org/github-slugger/-/github-slugger-2.0.0.tgz 0ms (cache hit)
302 http cache fsevents@https://registry.npmjs.org/fsevents/-/fsevents-2.3.3.tgz 0ms (cache hit)
303 http cache fontkitten@https://registry.npmjs.org/fontkitten/-/fontkitten-1.0.3.tgz 0ms (cache hit)
304 http cache flattie@https://registry.npmjs.org/flattie/-/flattie-1.1.1.tgz 0ms (cache hit)
305 http cache get-tsconfig@https://registry.npmjs.org/get-tsconfig/-/get-tsconfig-5.0.0-beta.4.tgz 0ms (cache hit)
306 http cache fdir@https://registry.npmjs.org/fdir/-/fdir-6.5.0.tgz 0ms (cache hit)
307 http cache fast-wrap-ansi@https://registry.npmjs.org/fast-wrap-ansi/-/fast-wrap-ansi-0.2.2.tgz 0ms (cache hit)
308 http cache fontace@https://registry.npmjs.org/fontace/-/fontace-0.4.1.tgz 0ms (cache hit)
309 http cache fast-string-width@https://registry.npmjs.org/fast-string-width/-/fast-string-width-3.0.2.tgz 0ms (cache hit)
310 http cache extend@https://registry.npmjs.org/extend/-/extend-3.0.2.tgz 0ms (cache hit)
311 http cache fast-string-truncated-width@https://registry.npmjs.org/fast-string-truncated-width/-/fast-string-truncated-width-3.0.3.tgz 0ms (cache hit)
312 http cache esbuild@https://registry.npmjs.org/esbuild/-/esbuild-0.28.1.tgz 0ms (cache hit)
313 http cache es-module-lexer@https://registry.npmjs.org/es-module-lexer/-/es-module-lexer-2.1.0.tgz 0ms (cache hit)
314 http cache eventemitter3@https://registry.npmjs.org/eventemitter3/-/eventemitter3-5.0.4.tgz 0ms (cache hit)
315 http cache dset@https://registry.npmjs.org/dset/-/dset-3.1.4.tgz 0ms (cache hit)
316 http cache entities@https://registry.npmjs.org/entities/-/entities-6.0.1.tgz 0ms (cache hit)
317 http cache domutils@https://registry.npmjs.org/domutils/-/domutils-3.2.2.tgz 0ms (cache hit)
318 http cache domelementtype@https://registry.npmjs.org/domelementtype/-/domelementtype-2.3.0.tgz 0ms (cache hit)
319 http cache diff@https://registry.npmjs.org/diff/-/diff-8.0.4.tgz 0ms (cache hit)
320 http cache domhandler@https://registry.npmjs.org/domhandler/-/domhandler-5.0.3.tgz 0ms (cache hit)
321 http cache dom-serializer@https://registry.npmjs.org/dom-serializer/-/dom-serializer-2.0.0.tgz 0ms (cache hit)
322 http cache devlop@https://registry.npmjs.org/devlop/-/devlop-1.1.0.tgz 0ms (cache hit)
323 http cache devalue@https://registry.npmjs.org/devalue/-/devalue-5.8.1.tgz 0ms (cache hit)
324 http cache dequal@https://registry.npmjs.org/dequal/-/dequal-2.0.3.tgz 0ms (cache hit)
325 http cache detect-libc@https://registry.npmjs.org/detect-libc/-/detect-libc-2.1.2.tgz 0ms (cache hit)
326 http cache defu@https://registry.npmjs.org/defu/-/defu-6.1.7.tgz 0ms (cache hit)
327 http cache destr@https://registry.npmjs.org/destr/-/destr-2.0.5.tgz 0ms (cache hit)
328 http cache css-tree@https://registry.npmjs.org/css-tree/-/css-tree-3.2.1.tgz 0ms (cache hit)
329 http cache css-what@https://registry.npmjs.org/css-what/-/css-what-6.2.2.tgz 0ms (cache hit)
330 http cache cookie-es@https://registry.npmjs.org/cookie-es/-/cookie-es-1.2.3.tgz 0ms (cache hit)
331 http cache csso@https://registry.npmjs.org/csso/-/csso-5.0.5.tgz 0ms (cache hit)
332 http cache crossws@https://registry.npmjs.org/crossws/-/crossws-0.3.5.tgz 0ms (cache hit)
333 http cache css-select@https://registry.npmjs.org/css-select/-/css-select-5.2.2.tgz 0ms (cache hit)
334 http cache cookie@https://registry.npmjs.org/cookie/-/cookie-1.1.1.tgz 0ms (cache hit)
335 http cache commander@https://registry.npmjs.org/commander/-/commander-11.1.0.tgz 0ms (cache hit)
336 http cache common-ancestor-path@https://registry.npmjs.org/common-ancestor-path/-/common-ancestor-path-2.0.0.tgz 0ms (cache hit)
337 http cache clsx@https://registry.npmjs.org/clsx/-/clsx-2.1.1.tgz 0ms (cache hit)
338 http cache comma-separated-tokens@https://registry.npmjs.org/comma-separated-tokens/-/comma-separated-tokens-2.0.3.tgz 0ms (cache hit)
339 http cache ci-info@https://registry.npmjs.org/ci-info/-/ci-info-4.4.0.tgz 0ms (cache hit)
340 http cache character-entities-legacy@https://registry.npmjs.org/character-entities-legacy/-/character-entities-legacy-3.0.0.tgz 0ms (cache hit)
341 http cache chokidar@https://registry.npmjs.org/chokidar/-/chokidar-5.0.0.tgz 0ms (cache hit)
342 http cache ccount@https://registry.npmjs.org/ccount/-/ccount-2.0.1.tgz 0ms (cache hit)
343 http cache character-entities-html4@https://registry.npmjs.org/character-entities-html4/-/character-entities-html4-2.1.0.tgz 0ms (cache hit)
344 http cache boolbase@https://registry.npmjs.org/boolbase/-/boolbase-1.0.0.tgz 0ms (cache hit)
345 http cache bail@https://registry.npmjs.org/bail/-/bail-2.0.2.tgz 0ms (cache hit)
346 http cache axobject-query@https://registry.npmjs.org/axobject-query/-/axobject-query-4.1.0.tgz 0ms (cache hit)
347 http cache aria-query@https://registry.npmjs.org/aria-query/-/aria-query-5.3.2.tgz 0ms (cache hit)
348 http cache astro@https://registry.npmjs.org/astro/-/astro-7.0.3.tgz 0ms (cache hit)
349 http cache argparse@https://registry.npmjs.org/argparse/-/argparse-2.0.1.tgz 0ms (cache hit)
350 http cache anymatch@https://registry.npmjs.org/anymatch/-/anymatch-3.1.3.tgz 0ms (cache hit)
351 http cache am-i-vibing@https://registry.npmjs.org/am-i-vibing/-/am-i-vibing-0.4.0.tgz 0ms (cache hit)
352 http cache @types/unist@https://registry.npmjs.org/@types/unist/-/unist-3.0.3.tgz 0ms (cache hit)
353 http cache @ungap/structured-clone@https://registry.npmjs.org/@ungap/structured-clone/-/structured-clone-1.3.2.tgz 0ms (cache hit)
354 http cache @types/mdast@https://registry.npmjs.org/@types/mdast/-/mdast-4.0.4.tgz 0ms (cache hit)
355 http cache @types/hast@https://registry.npmjs.org/@types/hast/-/hast-3.0.4.tgz 0ms (cache hit)
356 http cache @types/nlcst@https://registry.npmjs.org/@types/nlcst/-/nlcst-2.0.3.tgz 0ms (cache hit)
357 http cache @types/estree@https://registry.npmjs.org/@types/estree/-/estree-1.0.9.tgz 0ms (cache hit)
358 http cache @types/estree-jsx@https://registry.npmjs.org/@types/estree-jsx/-/estree-jsx-1.0.5.tgz 0ms (cache hit)
359 http cache @tybys/wasm-util@https://registry.npmjs.org/@tybys/wasm-util/-/wasm-util-0.10.3.tgz 0ms (cache hit)
360 http cache @shikijs/vscode-textmate@https://registry.npmjs.org/@shikijs/vscode-textmate/-/vscode-textmate-10.0.2.tgz 0ms (cache hit)
361 http cache @shikijs/types@https://registry.npmjs.org/@shikijs/types/-/types-4.3.0.tgz 0ms (cache hit)
362 http cache @shikijs/primitive@https://registry.npmjs.org/@shikijs/primitive/-/primitive-4.3.0.tgz 0ms (cache hit)
363 http cache @shikijs/themes@https://registry.npmjs.org/@shikijs/themes/-/themes-4.3.0.tgz 0ms (cache hit)
364 http cache @shikijs/engine-oniguruma@https://registry.npmjs.org/@shikijs/engine-oniguruma/-/engine-oniguruma-4.3.0.tgz 0ms (cache hit)
365 http cache @shikijs/engine-javascript@https://registry.npmjs.org/@shikijs/engine-javascript/-/engine-javascript-4.3.0.tgz 0ms (cache hit)
366 http cache @shikijs/langs@https://registry.npmjs.org/@shikijs/langs/-/langs-4.3.0.tgz 0ms (cache hit)
367 http cache @shikijs/core@https://registry.npmjs.org/@shikijs/core/-/core-4.3.0.tgz 0ms (cache hit)
368 http cache @rollup/pluginutils@https://registry.npmjs.org/@rollup/pluginutils/-/pluginutils-5.4.0.tgz 0ms (cache hit)
369 http cache @rolldown/pluginutils@https://registry.npmjs.org/@rolldown/pluginutils/-/pluginutils-1.0.1.tgz 0ms (cache hit)
370 http cache @rolldown/binding-darwin-x64@https://registry.npmjs.org/@rolldown/binding-darwin-x64/-/binding-darwin-x64-1.1.3.tgz 0ms (cache hit)
371 http cache @oslojs/encoding@https://registry.npmjs.org/@oslojs/encoding/-/encoding-1.1.0.tgz 0ms (cache hit)
372 http cache @oxc-project/types@https://registry.npmjs.org/@oxc-project/types/-/types-0.137.0.tgz 0ms (cache hit)
373 http cache @napi-rs/wasm-runtime@https://registry.npmjs.org/@napi-rs/wasm-runtime/-/wasm-runtime-1.1.6.tgz 0ms (cache hit)
374 http cache @img/sharp-libvips-darwin-x64@https://registry.npmjs.org/@img/sharp-libvips-darwin-x64/-/sharp-libvips-darwin-x64-1.2.4.tgz 0ms (cache hit)
375 http cache @img/colour@https://registry.npmjs.org/@img/colour/-/colour-1.1.0.tgz 0ms (cache hit)
376 http cache @jridgewell/sourcemap-codec@https://registry.npmjs.org/@jridgewell/sourcemap-codec/-/sourcemap-codec-1.5.5.tgz 0ms (cache hit)
377 http cache @img/sharp-darwin-x64@https://registry.npmjs.org/@img/sharp-darwin-x64/-/sharp-darwin-x64-0.34.5.tgz 0ms (cache hit)
378 http cache @esbuild/darwin-x64@https://registry.npmjs.org/@esbuild/darwin-x64/-/darwin-x64-0.28.1.tgz 0ms (cache hit)
379 http cache @emnapi/wasi-threads@https://registry.npmjs.org/@emnapi/wasi-threads/-/wasi-threads-1.2.2.tgz 0ms (cache hit)
380 http cache @clack/prompts@https://registry.npmjs.org/@clack/prompts/-/prompts-1.6.0.tgz 0ms (cache hit)
381 http cache @emnapi/core@https://registry.npmjs.org/@emnapi/core/-/core-1.11.1.tgz 0ms (cache hit)
382 http cache @clack/core@https://registry.npmjs.org/@clack/core/-/core-1.4.2.tgz 0ms (cache hit)
383 http cache @emnapi/runtime@https://registry.npmjs.org/@emnapi/runtime/-/runtime-1.11.1.tgz 0ms (cache hit)
384 http cache @capsizecss/unpack@https://registry.npmjs.org/@capsizecss/unpack/-/unpack-4.0.1.tgz 0ms (cache hit)
385 http cache @bruits/satteri-darwin-x64@https://registry.npmjs.org/@bruits/satteri-darwin-x64/-/satteri-darwin-x64-0.9.3.tgz 0ms (cache hit)
386 http cache @babel/parser@https://registry.npmjs.org/@babel/parser/-/parser-7.29.7.tgz 0ms (cache hit)
387 http cache @babel/helper-validator-identifier@https://registry.npmjs.org/@babel/helper-validator-identifier/-/helper-validator-identifier-7.29.7.tgz 0ms (cache hit)
388 http cache @babel/helper-string-parser@https://registry.npmjs.org/@babel/helper-string-parser/-/helper-string-parser-7.29.7.tgz 0ms (cache hit)
389 http cache @babel/types@https://registry.npmjs.org/@babel/types/-/types-7.29.7.tgz 0ms (cache hit)
390 http cache @astrojs/telemetry@https://registry.npmjs.org/@astrojs/telemetry/-/telemetry-3.3.2.tgz 0ms (cache hit)
391 http cache @astrojs/prism@https://registry.npmjs.org/@astrojs/prism/-/prism-4.0.2.tgz 0ms (cache hit)
392 http cache @astrojs/markdown-satteri@https://registry.npmjs.org/@astrojs/markdown-satteri/-/markdown-satteri-0.3.2.tgz 0ms (cache hit)
393 http cache @astrojs/internal-helpers@https://registry.npmjs.org/@astrojs/internal-helpers/-/internal-helpers-0.10.0.tgz 1ms (cache hit)
394 http cache @astrojs/compiler-rs@https://registry.npmjs.org/@astrojs/compiler-rs/-/compiler-rs-0.2.3.tgz 0ms (cache hit)
395 http cache @astrojs/compiler-binding-darwin-x64@https://registry.npmjs.org/@astrojs/compiler-binding-darwin-x64/-/compiler-binding-darwin-x64-0.2.3.tgz 0ms (cache hit)
396 http cache css-tree@https://registry.npmjs.org/css-tree/-/css-tree-2.2.1.tgz 0ms (cache hit)
397 http cache @astrojs/compiler-binding@https://registry.npmjs.org/@astrojs/compiler-binding/-/compiler-binding-0.2.3.tgz 0ms (cache hit)
398 http cache is-docker@https://registry.npmjs.org/is-docker/-/is-docker-3.0.0.tgz 0ms (cache hit)
399 http cache entities@https://registry.npmjs.org/entities/-/entities-4.5.0.tgz 0ms (cache hit)
400 http cache picomatch@https://registry.npmjs.org/picomatch/-/picomatch-2.3.2.tgz 0ms (cache hit)
401 http cache estree-walker@https://registry.npmjs.org/estree-walker/-/estree-walker-2.0.2.tgz 0ms (cache hit)
402 http cache mdn-data@https://registry.npmjs.org/mdn-data/-/mdn-data-2.0.28.tgz 0ms (cache hit)
403 silly tarball no local data for zwitch@https://registry.npmjs.org/zwitch/-/zwitch-2.0.4.tgz. Extracting by manifest.
404 silly tarball no local data for zod@https://registry.npmjs.org/zod/-/zod-4.4.3.tgz. Extracting by manifest.
405 silly tarball no local data for yocto-queue@https://registry.npmjs.org/yocto-queue/-/yocto-queue-1.2.2.tgz. Extracting by manifest.
406 silly tarball no local data for yargs-parser@https://registry.npmjs.org/yargs-parser/-/yargs-parser-22.0.0.tgz. Extracting by manifest.
407 silly tarball no local data for web-namespaces@https://registry.npmjs.org/web-namespaces/-/web-namespaces-2.0.1.tgz. Extracting by manifest.
408 silly tarball no local data for vite@https://registry.npmjs.org/vite/-/vite-8.1.0.tgz. Extracting by manifest.
409 silly tarball no local data for vfile-message@https://registry.npmjs.org/vfile-message/-/vfile-message-4.0.3.tgz. Extracting by manifest.
410 silly tarball no local data for xxhash-wasm@https://registry.npmjs.org/xxhash-wasm/-/xxhash-wasm-1.1.0.tgz. Extracting by manifest.
411 silly tarball no local data for which-pm-runs@https://registry.npmjs.org/which-pm-runs/-/which-pm-runs-1.1.0.tgz. Extracting by manifest.
412 silly tarball no local data for vitefu@https://registry.npmjs.org/vitefu/-/vitefu-1.1.3.tgz. Extracting by manifest.
413 silly tarball no local data for vfile-location@https://registry.npmjs.org/vfile-location/-/vfile-location-5.0.3.tgz. Extracting by manifest.
414 silly tarball no local data for unist-util-visit-parents@https://registry.npmjs.org/unist-util-visit-parents/-/unist-util-visit-parents-6.0.2.tgz. Extracting by manifest.
415 silly tarball no local data for unstorage@https://registry.npmjs.org/unstorage/-/unstorage-1.17.5.tgz. Extracting by manifest.
416 silly tarball no local data for unist-util-visit@https://registry.npmjs.org/unist-util-visit/-/unist-util-visit-5.1.0.tgz. Extracting by manifest.
417 silly tarball no local data for vfile@https://registry.npmjs.org/vfile/-/vfile-6.0.3.tgz. Extracting by manifest.
418 silly tarball no local data for unist-util-stringify-position@https://registry.npmjs.org/unist-util-stringify-position/-/unist-util-stringify-position-4.0.0.tgz. Extracting by manifest.
419 silly tarball no local data for unist-util-position@https://registry.npmjs.org/unist-util-position/-/unist-util-position-5.0.0.tgz. Extracting by manifest.
420 silly tarball no local data for unifont@https://registry.npmjs.org/unifont/-/unifont-0.7.4.tgz. Extracting by manifest.
421 silly tarball no local data for unified@https://registry.npmjs.org/unified/-/unified-11.0.5.tgz. Extracting by manifest.
422 silly tarball no local data for uncrypto@https://registry.npmjs.org/uncrypto/-/uncrypto-0.1.3.tgz. Extracting by manifest.
423 silly tarball no local data for ultrahtml@https://registry.npmjs.org/ultrahtml/-/ultrahtml-1.6.0.tgz. Extracting by manifest.
424 silly tarball no local data for ufo@https://registry.npmjs.org/ufo/-/ufo-1.6.4.tgz. Extracting by manifest.
425 silly tarball no local data for tslib@https://registry.npmjs.org/tslib/-/tslib-2.8.1.tgz. Extracting by manifest.
426 silly tarball no local data for trough@https://registry.npmjs.org/trough/-/trough-2.2.0.tgz. Extracting by manifest.
427 silly tarball no local data for trim-lines@https://registry.npmjs.org/trim-lines/-/trim-lines-3.0.1.tgz. Extracting by manifest.
428 silly tarball no local data for tinyglobby@https://registry.npmjs.org/tinyglobby/-/tinyglobby-0.2.17.tgz. Extracting by manifest.
429 silly tarball no local data for tinyexec@https://registry.npmjs.org/tinyexec/-/tinyexec-1.2.4.tgz. Extracting by manifest.
430 silly tarball no local data for unist-util-is@https://registry.npmjs.org/unist-util-is/-/unist-util-is-6.0.1.tgz. Extracting by manifest.
431 silly tarball no local data for tinyclip@https://registry.npmjs.org/tinyclip/-/tinyclip-0.1.15.tgz. Extracting by manifest.
432 silly tarball no local data for svgo@https://registry.npmjs.org/svgo/-/svgo-4.0.1.tgz. Extracting by manifest.
433 silly tarball no local data for tiny-inflate@https://registry.npmjs.org/tiny-inflate/-/tiny-inflate-1.0.3.tgz. Extracting by manifest.
434 silly tarball no local data for stringify-entities@https://registry.npmjs.org/stringify-entities/-/stringify-entities-4.0.4.tgz. Extracting by manifest.
435 silly tarball no local data for space-separated-tokens@https://registry.npmjs.org/space-separated-tokens/-/space-separated-tokens-2.0.2.tgz. Extracting by manifest.
436 silly tarball no local data for source-map-js@https://registry.npmjs.org/source-map-js/-/source-map-js-1.2.1.tgz. Extracting by manifest.
437 silly tarball no local data for smol-toml@https://registry.npmjs.org/smol-toml/-/smol-toml-1.7.0.tgz. Extracting by manifest.
438 silly tarball no local data for shiki@https://registry.npmjs.org/shiki/-/shiki-4.3.0.tgz. Extracting by manifest.
439 silly tarball no local data for sharp@https://registry.npmjs.org/sharp/-/sharp-0.34.5.tgz. Extracting by manifest.
440 silly tarball no local data for sisteransi@https://registry.npmjs.org/sisteransi/-/sisteransi-1.0.5.tgz. Extracting by manifest.
441 silly tarball no local data for satteri@https://registry.npmjs.org/satteri/-/satteri-0.9.3.tgz. Extracting by manifest.
442 silly tarball no local data for semver@https://registry.npmjs.org/semver/-/semver-7.8.5.tgz. Extracting by manifest.
443 silly tarball no local data for sax@https://registry.npmjs.org/sax/-/sax-1.6.0.tgz. Extracting by manifest.
444 silly tarball no local data for rolldown@https://registry.npmjs.org/rolldown/-/rolldown-1.1.3.tgz. Extracting by manifest.
445 silly tarball no local data for retext-smartypants@https://registry.npmjs.org/retext-smartypants/-/retext-smartypants-6.2.0.tgz. Extracting by manifest.
446 silly tarball no local data for rehype-stringify@https://registry.npmjs.org/rehype-stringify/-/rehype-stringify-10.0.1.tgz. Extracting by manifest.
447 silly tarball no local data for rehype-parse@https://registry.npmjs.org/rehype-parse/-/rehype-parse-9.0.1.tgz. Extracting by manifest.
448 silly tarball no local data for rehype@https://registry.npmjs.org/rehype/-/rehype-13.0.2.tgz. Extracting by manifest.
449 silly tarball no local data for resolve-pkg-maps@https://registry.npmjs.org/resolve-pkg-maps/-/resolve-pkg-maps-1.0.0.tgz. Extracting by manifest.
450 silly tarball no local data for regex-utilities@https://registry.npmjs.org/regex-utilities/-/regex-utilities-2.3.0.tgz. Extracting by manifest.
451 silly tarball no local data for regex-recursion@https://registry.npmjs.org/regex-recursion/-/regex-recursion-6.0.2.tgz. Extracting by manifest.
452 silly tarball no local data for regex@https://registry.npmjs.org/regex/-/regex-6.1.0.tgz. Extracting by manifest.
453 silly tarball no local data for radix3@https://registry.npmjs.org/radix3/-/radix3-1.1.2.tgz. Extracting by manifest.
454 silly tarball no local data for process-ancestry@https://registry.npmjs.org/process-ancestry/-/process-ancestry-0.1.0.tgz. Extracting by manifest.
455 silly tarball no local data for readdirp@https://registry.npmjs.org/readdirp/-/readdirp-5.0.0.tgz. Extracting by manifest.
456 silly tarball no local data for property-information@https://registry.npmjs.org/property-information/-/property-information-7.2.0.tgz. Extracting by manifest.
457 silly tarball no local data for postcss@https://registry.npmjs.org/postcss/-/postcss-8.5.16.tgz. Extracting by manifest.
458 silly tarball no local data for prismjs@https://registry.npmjs.org/prismjs/-/prismjs-1.30.0.tgz. Extracting by manifest.
459 silly tarball no local data for picocolors@https://registry.npmjs.org/picocolors/-/picocolors-1.1.1.tgz. Extracting by manifest.
460 silly tarball no local data for piccolore@https://registry.npmjs.org/piccolore/-/piccolore-0.1.3.tgz. Extracting by manifest.
461 silly tarball no local data for picomatch@https://registry.npmjs.org/picomatch/-/picomatch-4.0.4.tgz. Extracting by manifest.
462 silly tarball no local data for parse5@https://registry.npmjs.org/parse5/-/parse5-7.3.0.tgz. Extracting by manifest.
463 silly tarball no local data for package-manager-detector@https://registry.npmjs.org/package-manager-detector/-/package-manager-detector-1.6.0.tgz. Extracting by manifest.
464 silly tarball no local data for p-timeout@https://registry.npmjs.org/p-timeout/-/p-timeout-7.0.1.tgz. Extracting by manifest.
465 silly tarball no local data for p-queue@https://registry.npmjs.org/p-queue/-/p-queue-9.3.0.tgz. Extracting by manifest.
466 silly tarball no local data for oniguruma-to-es@https://registry.npmjs.org/oniguruma-to-es/-/oniguruma-to-es-4.3.6.tgz. Extracting by manifest.
467 silly tarball no local data for p-limit@https://registry.npmjs.org/p-limit/-/p-limit-7.3.0.tgz. Extracting by manifest.
468 silly tarball no local data for oniguruma-parser@https://registry.npmjs.org/oniguruma-parser/-/oniguruma-parser-0.12.2.tgz. Extracting by manifest.
469 silly tarball no local data for ofetch@https://registry.npmjs.org/ofetch/-/ofetch-1.5.1.tgz. Extracting by manifest.
470 silly tarball no local data for obug@https://registry.npmjs.org/obug/-/obug-2.1.3.tgz. Extracting by manifest.
471 silly tarball no local data for nth-check@https://registry.npmjs.org/nth-check/-/nth-check-2.1.1.tgz. Extracting by manifest.
472 silly tarball no local data for ohash@https://registry.npmjs.org/ohash/-/ohash-2.0.11.tgz. Extracting by manifest.
473 silly tarball no local data for node-mock-http@https://registry.npmjs.org/node-mock-http/-/node-mock-http-1.0.4.tgz. Extracting by manifest.
474 silly tarball no local data for nlcst-to-string@https://registry.npmjs.org/nlcst-to-string/-/nlcst-to-string-4.0.0.tgz. Extracting by manifest.
475 silly tarball no local data for normalize-path@https://registry.npmjs.org/normalize-path/-/normalize-path-3.0.0.tgz. Extracting by manifest.
476 silly tarball no local data for node-fetch-native@https://registry.npmjs.org/node-fetch-native/-/node-fetch-native-1.6.7.tgz. Extracting by manifest.
477 silly tarball no local data for nanoid@https://registry.npmjs.org/nanoid/-/nanoid-3.3.15.tgz. Extracting by manifest.
478 silly tarball no local data for neotraverse@https://registry.npmjs.org/neotraverse/-/neotraverse-0.6.18.tgz. Extracting by manifest.
479 silly tarball no local data for mrmime@https://registry.npmjs.org/mrmime/-/mrmime-2.0.1.tgz. Extracting by manifest.
480 silly tarball no local data for micromark-util-types@https://registry.npmjs.org/micromark-util-types/-/micromark-util-types-2.0.2.tgz. Extracting by manifest.
481 silly tarball no local data for micromark-util-symbol@https://registry.npmjs.org/micromark-util-symbol/-/micromark-util-symbol-2.0.1.tgz. Extracting by manifest.
482 silly tarball no local data for micromark-util-encode@https://registry.npmjs.org/micromark-util-encode/-/micromark-util-encode-2.0.1.tgz. Extracting by manifest.
483 silly tarball no local data for micromark-util-sanitize-uri@https://registry.npmjs.org/micromark-util-sanitize-uri/-/micromark-util-sanitize-uri-2.0.1.tgz. Extracting by manifest.
484 silly tarball no local data for mdn-data@https://registry.npmjs.org/mdn-data/-/mdn-data-2.27.1.tgz. Extracting by manifest.
485 silly tarball no local data for mdast-util-to-hast@https://registry.npmjs.org/mdast-util-to-hast/-/mdast-util-to-hast-13.2.1.tgz. Extracting by manifest.
486 silly tarball no local data for magicast@https://registry.npmjs.org/magicast/-/magicast-0.5.3.tgz. Extracting by manifest.
487 silly tarball no local data for micromark-util-character@https://registry.npmjs.org/micromark-util-character/-/micromark-util-character-2.1.1.tgz. Extracting by manifest.
488 silly tarball no local data for magic-string@https://registry.npmjs.org/magic-string/-/magic-string-0.30.21.tgz. Extracting by manifest.
489 silly tarball no local data for lru-cache@https://registry.npmjs.org/lru-cache/-/lru-cache-11.5.1.tgz. Extracting by manifest.
490 silly tarball no local data for lightningcss-darwin-x64@https://registry.npmjs.org/lightningcss-darwin-x64/-/lightningcss-darwin-x64-1.32.0.tgz. Extracting by manifest.
491 silly tarball no local data for lightningcss@https://registry.npmjs.org/lightningcss/-/lightningcss-1.32.0.tgz. Extracting by manifest.
492 silly tarball no local data for jsonc-parser@https://registry.npmjs.org/jsonc-parser/-/jsonc-parser-3.3.1.tgz. Extracting by manifest.
493 silly tarball no local data for js-yaml@https://registry.npmjs.org/js-yaml/-/js-yaml-4.3.0.tgz. Extracting by manifest.
494 silly tarball no local data for is-wsl@https://registry.npmjs.org/is-wsl/-/is-wsl-3.1.1.tgz. Extracting by manifest.
495 silly tarball no local data for is-inside-container@https://registry.npmjs.org/is-inside-container/-/is-inside-container-1.0.0.tgz. Extracting by manifest.
496 silly tarball no local data for is-docker@https://registry.npmjs.org/is-docker/-/is-docker-4.0.0.tgz. Extracting by manifest.
497 silly tarball no local data for is-plain-obj@https://registry.npmjs.org/is-plain-obj/-/is-plain-obj-4.1.0.tgz. Extracting by manifest.
498 silly tarball no local data for iron-webcrypto@https://registry.npmjs.org/iron-webcrypto/-/iron-webcrypto-1.2.1.tgz. Extracting by manifest.
499 silly tarball no local data for http-cache-semantics@https://registry.npmjs.org/http-cache-semantics/-/http-cache-semantics-4.2.0.tgz. Extracting by manifest.
500 silly tarball no local data for html-void-elements@https://registry.npmjs.org/html-void-elements/-/html-void-elements-3.0.0.tgz. Extracting by manifest.
501 silly tarball no local data for hastscript@https://registry.npmjs.org/hastscript/-/hastscript-9.0.1.tgz. Extracting by manifest.
502 silly tarball no local data for hast-util-whitespace@https://registry.npmjs.org/hast-util-whitespace/-/hast-util-whitespace-3.0.0.tgz. Extracting by manifest.
503 silly tarball no local data for hast-util-to-html@https://registry.npmjs.org/hast-util-to-html/-/hast-util-to-html-9.0.5.tgz. Extracting by manifest.
504 silly tarball no local data for html-escaper@https://registry.npmjs.org/html-escaper/-/html-escaper-3.0.3.tgz. Extracting by manifest.
505 silly tarball no local data for hast-util-parse-selector@https://registry.npmjs.org/hast-util-parse-selector/-/hast-util-parse-selector-4.0.0.tgz. Extracting by manifest.
506 silly tarball no local data for hast-util-from-html@https://registry.npmjs.org/hast-util-from-html/-/hast-util-from-html-2.0.3.tgz. Extracting by manifest.
507 silly tarball no local data for hast-util-from-parse5@https://registry.npmjs.org/hast-util-from-parse5/-/hast-util-from-parse5-8.0.3.tgz. Extracting by manifest.
508 silly tarball no local data for h3@https://registry.npmjs.org/h3/-/h3-1.15.11.tgz. Extracting by manifest.
509 silly tarball no local data for github-slugger@https://registry.npmjs.org/github-slugger/-/github-slugger-2.0.0.tgz. Extracting by manifest.
510 silly tarball no local data for fsevents@https://registry.npmjs.org/fsevents/-/fsevents-2.3.3.tgz. Extracting by manifest.
511 silly tarball no local data for fontkitten@https://registry.npmjs.org/fontkitten/-/fontkitten-1.0.3.tgz. Extracting by manifest.
512 silly tarball no local data for flattie@https://registry.npmjs.org/flattie/-/flattie-1.1.1.tgz. Extracting by manifest.
513 silly tarball no local data for get-tsconfig@https://registry.npmjs.org/get-tsconfig/-/get-tsconfig-5.0.0-beta.4.tgz. Extracting by manifest.
514 silly tarball no local data for fdir@https://registry.npmjs.org/fdir/-/fdir-6.5.0.tgz. Extracting by manifest.
515 silly tarball no local data for fast-wrap-ansi@https://registry.npmjs.org/fast-wrap-ansi/-/fast-wrap-ansi-0.2.2.tgz. Extracting by manifest.
516 silly tarball no local data for fontace@https://registry.npmjs.org/fontace/-/fontace-0.4.1.tgz. Extracting by manifest.
517 silly tarball no local data for fast-string-width@https://registry.npmjs.org/fast-string-width/-/fast-string-width-3.0.2.tgz. Extracting by manifest.
518 silly tarball no local data for extend@https://registry.npmjs.org/extend/-/extend-3.0.2.tgz. Extracting by manifest.
519 silly tarball no local data for fast-string-truncated-width@https://registry.npmjs.org/fast-string-truncated-width/-/fast-string-truncated-width-3.0.3.tgz. Extracting by manifest.
520 silly tarball no local data for esbuild@https://registry.npmjs.org/esbuild/-/esbuild-0.28.1.tgz. Extracting by manifest.
521 silly tarball no local data for es-module-lexer@https://registry.npmjs.org/es-module-lexer/-/es-module-lexer-2.1.0.tgz. Extracting by manifest.
522 silly tarball no local data for eventemitter3@https://registry.npmjs.org/eventemitter3/-/eventemitter3-5.0.4.tgz. Extracting by manifest.
523 silly tarball no local data for dset@https://registry.npmjs.org/dset/-/dset-3.1.4.tgz. Extracting by manifest.
524 silly tarball no local data for entities@https://registry.npmjs.org/entities/-/entities-6.0.1.tgz. Extracting by manifest.
525 silly tarball no local data for domutils@https://registry.npmjs.org/domutils/-/domutils-3.2.2.tgz. Extracting by manifest.
526 silly tarball no local data for domelementtype@https://registry.npmjs.org/domelementtype/-/domelementtype-2.3.0.tgz. Extracting by manifest.
527 silly tarball no local data for diff@https://registry.npmjs.org/diff/-/diff-8.0.4.tgz. Extracting by manifest.
528 silly tarball no local data for domhandler@https://registry.npmjs.org/domhandler/-/domhandler-5.0.3.tgz. Extracting by manifest.
529 silly tarball no local data for dom-serializer@https://registry.npmjs.org/dom-serializer/-/dom-serializer-2.0.0.tgz. Extracting by manifest.
530 silly tarball no local data for devlop@https://registry.npmjs.org/devlop/-/devlop-1.1.0.tgz. Extracting by manifest.
531 silly tarball no local data for devalue@https://registry.npmjs.org/devalue/-/devalue-5.8.1.tgz. Extracting by manifest.
532 silly tarball no local data for dequal@https://registry.npmjs.org/dequal/-/dequal-2.0.3.tgz. Extracting by manifest.
533 silly tarball no local data for detect-libc@https://registry.npmjs.org/detect-libc/-/detect-libc-2.1.2.tgz. Extracting by manifest.
534 silly tarball no local data for defu@https://registry.npmjs.org/defu/-/defu-6.1.7.tgz. Extracting by manifest.
535 silly tarball no local data for destr@https://registry.npmjs.org/destr/-/destr-2.0.5.tgz. Extracting by manifest.
536 silly tarball no local data for css-tree@https://registry.npmjs.org/css-tree/-/css-tree-3.2.1.tgz. Extracting by manifest.
537 silly tarball no local data for css-what@https://registry.npmjs.org/css-what/-/css-what-6.2.2.tgz. Extracting by manifest.
538 silly tarball no local data for cookie-es@https://registry.npmjs.org/cookie-es/-/cookie-es-1.2.3.tgz. Extracting by manifest.
539 silly tarball no local data for csso@https://registry.npmjs.org/csso/-/csso-5.0.5.tgz. Extracting by manifest.
540 silly tarball no local data for crossws@https://registry.npmjs.org/crossws/-/crossws-0.3.5.tgz. Extracting by manifest.
541 silly tarball no local data for css-select@https://registry.npmjs.org/css-select/-/css-select-5.2.2.tgz. Extracting by manifest.
542 silly tarball no local data for cookie@https://registry.npmjs.org/cookie/-/cookie-1.1.1.tgz. Extracting by manifest.
543 silly tarball no local data for commander@https://registry.npmjs.org/commander/-/commander-11.1.0.tgz. Extracting by manifest.
544 silly tarball no local data for common-ancestor-path@https://registry.npmjs.org/common-ancestor-path/-/common-ancestor-path-2.0.0.tgz. Extracting by manifest.
545 silly tarball no local data for clsx@https://registry.npmjs.org/clsx/-/clsx-2.1.1.tgz. Extracting by manifest.
546 silly tarball no local data for comma-separated-tokens@https://registry.npmjs.org/comma-separated-tokens/-/comma-separated-tokens-2.0.3.tgz. Extracting by manifest.
547 silly tarball no local data for ci-info@https://registry.npmjs.org/ci-info/-/ci-info-4.4.0.tgz. Extracting by manifest.
548 silly tarball no local data for character-entities-legacy@https://registry.npmjs.org/character-entities-legacy/-/character-entities-legacy-3.0.0.tgz. Extracting by manifest.
549 silly tarball no local data for chokidar@https://registry.npmjs.org/chokidar/-/chokidar-5.0.0.tgz. Extracting by manifest.
550 silly tarball no local data for ccount@https://registry.npmjs.org/ccount/-/ccount-2.0.1.tgz. Extracting by manifest.
551 silly tarball no local data for character-entities-html4@https://registry.npmjs.org/character-entities-html4/-/character-entities-html4-2.1.0.tgz. Extracting by manifest.
552 silly tarball no local data for boolbase@https://registry.npmjs.org/boolbase/-/boolbase-1.0.0.tgz. Extracting by manifest.
553 silly tarball no local data for bail@https://registry.npmjs.org/bail/-/bail-2.0.2.tgz. Extracting by manifest.
554 silly tarball no local data for axobject-query@https://registry.npmjs.org/axobject-query/-/axobject-query-4.1.0.tgz. Extracting by manifest.
555 silly tarball no local data for aria-query@https://registry.npmjs.org/aria-query/-/aria-query-5.3.2.tgz. Extracting by manifest.
556 silly tarball no local data for astro@https://registry.npmjs.org/astro/-/astro-7.0.3.tgz. Extracting by manifest.
557 silly tarball no local data for argparse@https://registry.npmjs.org/argparse/-/argparse-2.0.1.tgz. Extracting by manifest.
558 silly tarball no local data for anymatch@https://registry.npmjs.org/anymatch/-/anymatch-3.1.3.tgz. Extracting by manifest.
559 silly tarball no local data for am-i-vibing@https://registry.npmjs.org/am-i-vibing/-/am-i-vibing-0.4.0.tgz. Extracting by manifest.
560 silly tarball no local data for @types/unist@https://registry.npmjs.org/@types/unist/-/unist-3.0.3.tgz. Extracting by manifest.
561 silly tarball no local data for @ungap/structured-clone@https://registry.npmjs.org/@ungap/structured-clone/-/structured-clone-1.3.2.tgz. Extracting by manifest.
562 silly tarball no local data for @types/mdast@https://registry.npmjs.org/@types/mdast/-/mdast-4.0.4.tgz. Extracting by manifest.
563 silly tarball no local data for @types/hast@https://registry.npmjs.org/@types/hast/-/hast-3.0.4.tgz. Extracting by manifest.
564 silly tarball no local data for @types/nlcst@https://registry.npmjs.org/@types/nlcst/-/nlcst-2.0.3.tgz. Extracting by manifest.
565 silly tarball no local data for @types/estree@https://registry.npmjs.org/@types/estree/-/estree-1.0.9.tgz. Extracting by manifest.
566 silly tarball no local data for @types/estree-jsx@https://registry.npmjs.org/@types/estree-jsx/-/estree-jsx-1.0.5.tgz. Extracting by manifest.
567 silly tarball no local data for @tybys/wasm-util@https://registry.npmjs.org/@tybys/wasm-util/-/wasm-util-0.10.3.tgz. Extracting by manifest.
568 silly tarball no local data for @shikijs/vscode-textmate@https://registry.npmjs.org/@shikijs/vscode-textmate/-/vscode-textmate-10.0.2.tgz. Extracting by manifest.
569 silly tarball no local data for @shikijs/types@https://registry.npmjs.org/@shikijs/types/-/types-4.3.0.tgz. Extracting by manifest.
570 silly tarball no local data for @shikijs/primitive@https://registry.npmjs.org/@shikijs/primitive/-/primitive-4.3.0.tgz. Extracting by manifest.
571 silly tarball no local data for @shikijs/themes@https://registry.npmjs.org/@shikijs/themes/-/themes-4.3.0.tgz. Extracting by manifest.
572 silly tarball no local data for @shikijs/engine-oniguruma@https://registry.npmjs.org/@shikijs/engine-oniguruma/-/engine-oniguruma-4.3.0.tgz. Extracting by manifest.
573 silly tarball no local data for @shikijs/engine-javascript@https://registry.npmjs.org/@shikijs/engine-javascript/-/engine-javascript-4.3.0.tgz. Extracting by manifest.
574 silly tarball no local data for @shikijs/langs@https://registry.npmjs.org/@shikijs/langs/-/langs-4.3.0.tgz. Extracting by manifest.
575 silly tarball no local data for @shikijs/core@https://registry.npmjs.org/@shikijs/core/-/core-4.3.0.tgz. Extracting by manifest.
576 silly tarball no local data for @rollup/pluginutils@https://registry.npmjs.org/@rollup/pluginutils/-/pluginutils-5.4.0.tgz. Extracting by manifest.
577 silly tarball no local data for @rolldown/pluginutils@https://registry.npmjs.org/@rolldown/pluginutils/-/pluginutils-1.0.1.tgz. Extracting by manifest.
578 silly tarball no local data for @rolldown/binding-darwin-x64@https://registry.npmjs.org/@rolldown/binding-darwin-x64/-/binding-darwin-x64-1.1.3.tgz. Extracting by manifest.
579 silly tarball no local data for @oslojs/encoding@https://registry.npmjs.org/@oslojs/encoding/-/encoding-1.1.0.tgz. Extracting by manifest.
580 silly tarball no local data for @oxc-project/types@https://registry.npmjs.org/@oxc-project/types/-/types-0.137.0.tgz. Extracting by manifest.
581 silly tarball no local data for @napi-rs/wasm-runtime@https://registry.npmjs.org/@napi-rs/wasm-runtime/-/wasm-runtime-1.1.6.tgz. Extracting by manifest.
582 silly tarball no local data for @img/sharp-libvips-darwin-x64@https://registry.npmjs.org/@img/sharp-libvips-darwin-x64/-/sharp-libvips-darwin-x64-1.2.4.tgz. Extracting by manifest.
583 silly tarball no local data for @img/colour@https://registry.npmjs.org/@img/colour/-/colour-1.1.0.tgz. Extracting by manifest.
584 silly tarball no local data for @jridgewell/sourcemap-codec@https://registry.npmjs.org/@jridgewell/sourcemap-codec/-/sourcemap-codec-1.5.5.tgz. Extracting by manifest.
585 silly tarball no local data for @img/sharp-darwin-x64@https://registry.npmjs.org/@img/sharp-darwin-x64/-/sharp-darwin-x64-0.34.5.tgz. Extracting by manifest.
586 silly tarball no local data for @esbuild/darwin-x64@https://registry.npmjs.org/@esbuild/darwin-x64/-/darwin-x64-0.28.1.tgz. Extracting by manifest.
587 silly tarball no local data for @emnapi/wasi-threads@https://registry.npmjs.org/@emnapi/wasi-threads/-/wasi-threads-1.2.2.tgz. Extracting by manifest.
588 silly tarball no local data for @clack/prompts@https://registry.npmjs.org/@clack/prompts/-/prompts-1.6.0.tgz. Extracting by manifest.
589 silly tarball no local data for @emnapi/core@https://registry.npmjs.org/@emnapi/core/-/core-1.11.1.tgz. Extracting by manifest.
590 silly tarball no local data for @clack/core@https://registry.npmjs.org/@clack/core/-/core-1.4.2.tgz. Extracting by manifest.
591 silly tarball no local data for @emnapi/runtime@https://registry.npmjs.org/@emnapi/runtime/-/runtime-1.11.1.tgz. Extracting by manifest.
592 silly tarball no local data for @capsizecss/unpack@https://registry.npmjs.org/@capsizecss/unpack/-/unpack-4.0.1.tgz. Extracting by manifest.
593 silly tarball no local data for @bruits/satteri-darwin-x64@https://registry.npmjs.org/@bruits/satteri-darwin-x64/-/satteri-darwin-x64-0.9.3.tgz. Extracting by manifest.
594 silly tarball no local data for @babel/parser@https://registry.npmjs.org/@babel/parser/-/parser-7.29.7.tgz. Extracting by manifest.
595 silly tarball no local data for @babel/helper-validator-identifier@https://registry.npmjs.org/@babel/helper-validator-identifier/-/helper-validator-identifier-7.29.7.tgz. Extracting by manifest.
596 silly tarball no local data for @babel/helper-string-parser@https://registry.npmjs.org/@babel/helper-string-parser/-/helper-string-parser-7.29.7.tgz. Extracting by manifest.
597 silly tarball no local data for @babel/types@https://registry.npmjs.org/@babel/types/-/types-7.29.7.tgz. Extracting by manifest.
598 silly tarball no local data for @astrojs/telemetry@https://registry.npmjs.org/@astrojs/telemetry/-/telemetry-3.3.2.tgz. Extracting by manifest.
599 silly tarball no local data for @astrojs/prism@https://registry.npmjs.org/@astrojs/prism/-/prism-4.0.2.tgz. Extracting by manifest.
600 silly tarball no local data for @astrojs/markdown-satteri@https://registry.npmjs.org/@astrojs/markdown-satteri/-/markdown-satteri-0.3.2.tgz. Extracting by manifest.
601 silly tarball no local data for @astrojs/internal-helpers@https://registry.npmjs.org/@astrojs/internal-helpers/-/internal-helpers-0.10.0.tgz. Extracting by manifest.
602 silly tarball no local data for @astrojs/compiler-rs@https://registry.npmjs.org/@astrojs/compiler-rs/-/compiler-rs-0.2.3.tgz. Extracting by manifest.
603 silly tarball no local data for @astrojs/compiler-binding-darwin-x64@https://registry.npmjs.org/@astrojs/compiler-binding-darwin-x64/-/compiler-binding-darwin-x64-0.2.3.tgz. Extracting by manifest.
604 silly tarball no local data for css-tree@https://registry.npmjs.org/css-tree/-/css-tree-2.2.1.tgz. Extracting by manifest.
605 silly tarball no local data for @astrojs/compiler-binding@https://registry.npmjs.org/@astrojs/compiler-binding/-/compiler-binding-0.2.3.tgz. Extracting by manifest.
606 silly tarball no local data for is-docker@https://registry.npmjs.org/is-docker/-/is-docker-3.0.0.tgz. Extracting by manifest.
607 silly tarball no local data for entities@https://registry.npmjs.org/entities/-/entities-4.5.0.tgz. Extracting by manifest.
608 silly tarball no local data for picomatch@https://registry.npmjs.org/picomatch/-/picomatch-2.3.2.tgz. Extracting by manifest.
609 silly tarball no local data for estree-walker@https://registry.npmjs.org/estree-walker/-/estree-walker-2.0.2.tgz. Extracting by manifest.
610 silly tarball no local data for mdn-data@https://registry.npmjs.org/mdn-data/-/mdn-data-2.0.28.tgz. Extracting by manifest.
611 http fetch GET https://registry.npmjs.org/zwitch/-/zwitch-2.0.4.tgz attempt 1 failed with ENOTFOUND
612 http fetch GET https://registry.npmjs.org/zod/-/zod-4.4.3.tgz attempt 1 failed with ENOTFOUND
613 http fetch GET https://registry.npmjs.org/yocto-queue/-/yocto-queue-1.2.2.tgz attempt 1 failed with ENOTFOUND
614 http fetch GET https://registry.npmjs.org/yargs-parser/-/yargs-parser-22.0.0.tgz attempt 1 failed with ENOTFOUND
615 http fetch GET https://registry.npmjs.org/web-namespaces/-/web-namespaces-2.0.1.tgz attempt 1 failed with ENOTFOUND
616 http fetch GET https://registry.npmjs.org/vite/-/vite-8.1.0.tgz attempt 1 failed with ENOTFOUND
617 http fetch GET https://registry.npmjs.org/vfile-message/-/vfile-message-4.0.3.tgz attempt 1 failed with ENOTFOUND
618 http fetch GET https://registry.npmjs.org/xxhash-wasm/-/xxhash-wasm-1.1.0.tgz attempt 1 failed with ENOTFOUND
619 http fetch GET https://registry.npmjs.org/which-pm-runs/-/which-pm-runs-1.1.0.tgz attempt 1 failed with ENOTFOUND
620 http fetch GET https://registry.npmjs.org/vitefu/-/vitefu-1.1.3.tgz attempt 1 failed with ENOTFOUND
621 http fetch GET https://registry.npmjs.org/vfile-location/-/vfile-location-5.0.3.tgz attempt 1 failed with ENOTFOUND
622 http fetch GET https://registry.npmjs.org/unist-util-visit-parents/-/unist-util-visit-parents-6.0.2.tgz attempt 1 failed with ENOTFOUND
623 http fetch GET https://registry.npmjs.org/unstorage/-/unstorage-1.17.5.tgz attempt 1 failed with ENOTFOUND
624 http fetch GET https://registry.npmjs.org/unist-util-visit/-/unist-util-visit-5.1.0.tgz attempt 1 failed with ENOTFOUND
625 http fetch GET https://registry.npmjs.org/vfile/-/vfile-6.0.3.tgz attempt 1 failed with ENOTFOUND
626 http fetch GET https://registry.npmjs.org/npm attempt 2 failed with ENOTFOUND
627 http fetch GET https://registry.npmjs.org/zwitch/-/zwitch-2.0.4.tgz attempt 2 failed with ENOTFOUND
628 http fetch GET https://registry.npmjs.org/zod/-/zod-4.4.3.tgz attempt 2 failed with ENOTFOUND
629 http fetch GET https://registry.npmjs.org/yocto-queue/-/yocto-queue-1.2.2.tgz attempt 2 failed with ENOTFOUND
630 http fetch GET https://registry.npmjs.org/yargs-parser/-/yargs-parser-22.0.0.tgz attempt 2 failed with ENOTFOUND
631 http fetch GET https://registry.npmjs.org/web-namespaces/-/web-namespaces-2.0.1.tgz attempt 2 failed with ENOTFOUND
632 http fetch GET https://registry.npmjs.org/vite/-/vite-8.1.0.tgz attempt 2 failed with ENOTFOUND
633 http fetch GET https://registry.npmjs.org/vfile-message/-/vfile-message-4.0.3.tgz attempt 2 failed with ENOTFOUND
634 http fetch GET https://registry.npmjs.org/xxhash-wasm/-/xxhash-wasm-1.1.0.tgz attempt 2 failed with ENOTFOUND
635 http fetch GET https://registry.npmjs.org/which-pm-runs/-/which-pm-runs-1.1.0.tgz attempt 2 failed with ENOTFOUND
636 http fetch GET https://registry.npmjs.org/vitefu/-/vitefu-1.1.3.tgz attempt 2 failed with ENOTFOUND
637 http fetch GET https://registry.npmjs.org/vfile-location/-/vfile-location-5.0.3.tgz attempt 2 failed with ENOTFOUND
638 http fetch GET https://registry.npmjs.org/unist-util-visit-parents/-/unist-util-visit-parents-6.0.2.tgz attempt 2 failed with ENOTFOUND
639 http fetch GET https://registry.npmjs.org/unstorage/-/unstorage-1.17.5.tgz attempt 2 failed with ENOTFOUND
640 http fetch GET https://registry.npmjs.org/unist-util-visit/-/unist-util-visit-5.1.0.tgz attempt 2 failed with ENOTFOUND
641 http fetch GET https://registry.npmjs.org/vfile/-/vfile-6.0.3.tgz attempt 2 failed with ENOTFOUND
